#
# There is insufficient memory for the Java Runtime Environment to continue.
# Native memory allocation (mmap) failed to map 132120576 bytes for G1 virtual space
# Possible reasons:
#   The system is out of physical RAM or swap space
#   The process is running with CompressedOops enabled, and the Java Heap may be blocking the growth of the native heap
# Possible solutions:
#   Reduce memory load on the system
#   Increase physical memory or swap space
#   Check if swap backing store is full
#   Decrease Java heap size (-Xmx/-Xms)
#   Decrease number of Java threads
#   Decrease Java thread stack sizes (-Xss)
#   Set larger code cache with -XX:ReservedCodeCacheSize=
#   JVM is running with Unscaled Compressed Oops mode in which the Java heap is
#     placed in the first 4GB address space. The Java Heap base address is the
#     maximum limit for the native heap growth. Please use -XX:HeapBaseMinAddress
#     to set the Java Heap base and to place the Java Heap above 4GB virtual address.
# This output file may be truncated or incomplete.
#
#  Out of Memory Error (os_windows.cpp:3535), pid=27436, tid=27304
#
# JRE version:  (17.0.3+6) (build )
# Java VM: OpenJDK 64-Bit Server VM (17.0.3+6-LTS, mixed mode, sharing, tiered, compressed oops, compressed class ptrs, g1 gc, windows-amd64)
# No core dump will be written. Minidumps are not enabled by default on client versions of Windows
#

---------------  S U M M A R Y ------------

Command Line: --add-modules=javafx.controls --module-path=C:\Users\bazyl\.gradle\caches\modules-2\files-2.1\org.openjfx\javafx-controls\18.0.1\22cf4d2bbb80d0d0430fcf71cdf0dfe3475ebd93\javafx-controls-18.0.1-win.jar;C:\Users\bazyl\.gradle\caches\modules-2\files-2.1\org.openjfx\javafx-graphics\18.0.1\79b7b4ecf6a90692e4accdbf9e4e68714d235844\javafx-graphics-18.0.1-win.jar;C:\Users\bazyl\.gradle\caches\modules-2\files-2.1\org.openjfx\javafx-base\18.0.1\3285f1855bf294dd4eba57ba84f96c555c819260\javafx-base-18.0.1-win.jar -Dfile.encoding=windows-1250 -Duser.country=PL -Duser.language=pl -Duser.variant com.kodilla.application.Main

Host: Intel(R) Core(TM) i5-8300H CPU @ 2.30GHz, 8 cores, 7G,  Windows 10 , 64 bit Build 19041 (10.0.19041.1706)
Time: Wed Jun  1 17:08:24 2022  Windows 10 , 64 bit Build 19041 (10.0.19041.1706) elapsed time: 0.014231 seconds (0d 0h 0m 0s)

---------------  T H R E A D  ---------------

Current thread (0x000002281b249970):  JavaThread "Unknown thread" [_thread_in_vm, id=27304, stack(0x000000d9e0700000,0x000000d9e0800000)]

Stack: [0x000000d9e0700000,0x000000d9e0800000]
Native frames: (J=compiled Java code, j=interpreted, Vv=VM code, C=native code)
V  [jvm.dll+0x645e5a]
V  [jvm.dll+0x7f6fc4]
V  [jvm.dll+0x7f877e]
V  [jvm.dll+0x7f8dd3]
V  [jvm.dll+0x234bb8]
V  [jvm.dll+0x642d9a]
V  [jvm.dll+0x637762]
V  [jvm.dll+0x2f2d09]
V  [jvm.dll+0x2f9ee6]
V  [jvm.dll+0x3459ea]
V  [jvm.dll+0x345c2f]
V  [jvm.dll+0x2c91a8]
V  [jvm.dll+0x2ca139]
V  [jvm.dll+0x7ca6e1]
V  [jvm.dll+0x352e01]
V  [jvm.dll+0x7aab0e]
V  [jvm.dll+0x3ce743]
V  [jvm.dll+0x3d0181]
C  [jli.dll+0x51af]
C  [ucrtbase.dll+0x21bb2]
C  [KERNEL32.DLL+0x17034]
C  [ntdll.dll+0x52651]


---------------  P R O C E S S  ---------------

Threads class SMR info:
_java_thread_list=0x00007fff0cdad718, length=0, elements={
}

Java Threads: ( => current thread )

Other Threads:
  0x000002281b2a6ab0 GCTaskThread "GC Thread#0" [stack: 0x000000d9e0800000,0x000000d9e0900000] [id=24932]
  0x000002281b2b8440 ConcurrentGCThread "G1 Main Marker" [stack: 0x000000d9e0900000,0x000000d9e0a00000] [id=8432]
  0x000002281b2ba5a0 ConcurrentGCThread "G1 Conc#0" [stack: 0x000000d9e0a00000,0x000000d9e0b00000] [id=14764]

[error occurred during error reporting (printing all threads), id 0xc0000005, EXCEPTION_ACCESS_VIOLATION (0xc0000005) at pc=0x00007fff0c59a397]

VM state: not at safepoint (not fully initialized)

VM Mutex/Monitor currently owned by a thread:  ([mutex/lock_event])
[0x000002281b23a730] Heap_lock - owner thread: 0x000002281b249970

Heap address: 0x0000000082600000, size: 2010 MB, Compressed Oops mode: 32-bit

CDS archive(s) mapped at: [0x0000000000000000-0x0000000000000000-0x0000000000000000), size 0, SharedBaseAddress: 0x0000000800000000, ArchiveRelocationMode: 0.
Narrow klass base: 0x0000000000000000, Narrow klass shift: 0, Narrow klass range: 0x0

GC Precious Log:
<Empty>

Heap:
 garbage-first heap   total 0K, used 0K [0x0000000082600000, 0x0000000100000000)
  region size 1024K, 0 young (0K), 0 survivors (0K)

[error occurred during error reporting (printing heap information), id 0xc0000005, EXCEPTION_ACCESS_VIOLATION (0xc0000005) at pc=0x00007fff0c95d929]

GC Heap History (0 events):
No events

Deoptimization events (0 events):
No events

Classes unloaded (0 events):
No events

Classes redefined (0 events):
No events

Internal exceptions (0 events):
No events

VM Operations (0 events):
No events

Events (1 events):
Event: 0.009 Loaded shared library C:\Users\bazyl\.jdks\corretto-17.0.3\bin\java.dll


Dynamic libraries:
0x00007ff7a4290000 - 0x00007ff7a429d000 	C:\Users\bazyl\.jdks\corretto-17.0.3\bin\java.exe
0x00007fff4e390000 - 0x00007fff4e585000 	C:\WINDOWS\SYSTEM32\ntdll.dll
0x00007fff4ccf0000 - 0x00007fff4cdad000 	C:\WINDOWS\System32\KERNEL32.DLL
0x00007fff4bf50000 - 0x00007fff4c21d000 	C:\WINDOWS\System32\KERNELBASE.dll
0x00007fff4c2e0000 - 0x00007fff4c3e0000 	C:\WINDOWS\System32\ucrtbase.dll
0x00007fff46270000 - 0x00007fff46288000 	C:\Users\bazyl\.jdks\corretto-17.0.3\bin\jli.dll
0x00007fff444d0000 - 0x00007fff444e5000 	C:\Users\bazyl\.jdks\corretto-17.0.3\bin\VCRUNTIME140.dll
0x00007fff4d390000 - 0x00007fff4d530000 	C:\WINDOWS\System32\USER32.dll
0x00007fff4bd60000 - 0x00007fff4bd82000 	C:\WINDOWS\System32\win32u.dll
0x00007fff3b330000 - 0x00007fff3b5ca000 	C:\WINDOWS\WinSxS\amd64_microsoft.windows.common-controls_6595b64144ccf1df_6.0.19041.1110_none_60b5254171f9507e\COMCTL32.dll
0x00007fff4cdb0000 - 0x00007fff4cdda000 	C:\WINDOWS\System32\GDI32.dll
0x00007fff4d250000 - 0x00007fff4d2ee000 	C:\WINDOWS\System32\msvcrt.dll
0x00007fff4bd90000 - 0x00007fff4be9b000 	C:\WINDOWS\System32\gdi32full.dll
0x00007fff4bb60000 - 0x00007fff4bbfd000 	C:\WINDOWS\System32\msvcp_win.dll
0x00007fff4d1a0000 - 0x00007fff4d1d0000 	C:\WINDOWS\System32\IMM32.DLL
0x00007fff135f0000 - 0x00007fff1368b000 	C:\Users\bazyl\.jdks\corretto-17.0.3\bin\msvcp140.dll
0x00007fff0c2c0000 - 0x00007fff0cedb000 	C:\Users\bazyl\.jdks\corretto-17.0.3\bin\server\jvm.dll
0x00007fff4df10000 - 0x00007fff4dfbe000 	C:\WINDOWS\System32\ADVAPI32.dll
0x00007fff4d2f0000 - 0x00007fff4d38c000 	C:\WINDOWS\System32\sechost.dll
0x00007fff4e170000 - 0x00007fff4e295000 	C:\WINDOWS\System32\RPCRT4.dll
0x00007fff4c3e0000 - 0x00007fff4c3e8000 	C:\WINDOWS\System32\PSAPI.DLL
0x00007fff3cb90000 - 0x00007fff3cbb7000 	C:\WINDOWS\SYSTEM32\WINMM.dll
0x00007fff2e860000 - 0x00007fff2e869000 	C:\WINDOWS\SYSTEM32\WSOCK32.dll
0x00007fff45320000 - 0x00007fff4532a000 	C:\WINDOWS\SYSTEM32\VERSION.dll
0x00007fff4d0a0000 - 0x00007fff4d10b000 	C:\WINDOWS\System32\WS2_32.dll
0x00007fff4a380000 - 0x00007fff4a392000 	C:\WINDOWS\SYSTEM32\kernel.appcore.dll
0x00007fff47800000 - 0x00007fff4780a000 	C:\Users\bazyl\.jdks\corretto-17.0.3\bin\jimage.dll
0x00007fff39540000 - 0x00007fff39724000 	C:\WINDOWS\SYSTEM32\DBGHELP.DLL
0x00007fff394c0000 - 0x00007fff394ec000 	C:\WINDOWS\SYSTEM32\dbgcore.DLL
0x00007fff4baa0000 - 0x00007fff4bb22000 	C:\WINDOWS\System32\bcryptPrimitives.dll
0x00007fff26460000 - 0x00007fff26485000 	C:\Users\bazyl\.jdks\corretto-17.0.3\bin\java.dll

dbghelp: loaded successfully - version: 4.0.5 - missing functions: none
symbol engine: initialized successfully - sym options: 0x614 - pdb path: .;C:\Users\bazyl\.jdks\corretto-17.0.3\bin;C:\WINDOWS\SYSTEM32;C:\WINDOWS\WinSxS\amd64_microsoft.windows.common-controls_6595b64144ccf1df_6.0.19041.1110_none_60b5254171f9507e;C:\Users\bazyl\.jdks\corretto-17.0.3\bin\server

VM Arguments:
jvm_args: --add-modules=javafx.controls --module-path=C:\Users\bazyl\.gradle\caches\modules-2\files-2.1\org.openjfx\javafx-controls\18.0.1\22cf4d2bbb80d0d0430fcf71cdf0dfe3475ebd93\javafx-controls-18.0.1-win.jar;C:\Users\bazyl\.gradle\caches\modules-2\files-2.1\org.openjfx\javafx-graphics\18.0.1\79b7b4ecf6a90692e4accdbf9e4e68714d235844\javafx-graphics-18.0.1-win.jar;C:\Users\bazyl\.gradle\caches\modules-2\files-2.1\org.openjfx\javafx-base\18.0.1\3285f1855bf294dd4eba57ba84f96c555c819260\javafx-base-18.0.1-win.jar -Dfile.encoding=windows-1250 -Duser.country=PL -Duser.language=pl -Duser.variant 
java_command: com.kodilla.application.Main
java_class_path (initial): C:\Users\bazyl\IdeaProjects\kodilla-game1\build\classes\java\main;C:\Users\bazyl\IdeaProjects\kodilla-game1\build\resources\main;C:\Users\bazyl\.gradle\caches\modules-2\files-2.1\org.openjfx\javafx-controls\18.0.1\22cf4d2bbb80d0d0430fcf71cdf0dfe3475ebd93\javafx-controls-18.0.1-win.jar;C:\Users\bazyl\.gradle\caches\modules-2\files-2.1\org.openjfx\javafx-graphics\18.0.1\79b7b4ecf6a90692e4accdbf9e4e68714d235844\javafx-graphics-18.0.1-win.jar;C:\Users\bazyl\.gradle\caches\modules-2\files-2.1\org.openjfx\javafx-graphics\18.0.1\4180a4bfda9692cbb444fb70b2506546e03f961b\javafx-graphics-18.0.1.jar;C:\Users\bazyl\.gradle\caches\modules-2\files-2.1\org.openjfx\javafx-base\18.0.1\3285f1855bf294dd4eba57ba84f96c555c819260\javafx-base-18.0.1-win.jar;C:\Users\bazyl\.gradle\caches\modules-2\files-2.1\org.openjfx\javafx-base\18.0.1\be9bf95be2716c11b88594eeaf4b832874265cc9\javafx-base-18.0.1.jar
Launcher Type: SUN_STANDARD

[Global flags]
     intx CICompilerCount                          = 4                                         {product} {ergonomic}
     uint ConcGCThreads                            = 2                                         {product} {ergonomic}
     uint G1ConcRefinementThreads                  = 8                                         {product} {ergonomic}
   size_t G1HeapRegionSize                         = 1048576                                   {product} {ergonomic}
    uintx GCDrainStackTargetSize                   = 64                                        {product} {ergonomic}
   size_t InitialHeapSize                          = 132120576                                 {product} {ergonomic}
   size_t MarkStackSize                            = 4194304                                   {product} {ergonomic}
   size_t MaxHeapSize                              = 2107637760                                {product} {ergonomic}
   size_t MinHeapDeltaBytes                        = 1048576                                   {product} {ergonomic}
   size_t MinHeapSize                              = 8388608                                   {product} {ergonomic}
    uintx NonNMethodCodeHeapSize                   = 5839372                                {pd product} {ergonomic}
    uintx NonProfiledCodeHeapSize                  = 122909434                              {pd product} {ergonomic}
    uintx ProfiledCodeHeapSize                     = 122909434                              {pd product} {ergonomic}
    uintx ReservedCodeCacheSize                    = 251658240                              {pd product} {ergonomic}
     bool SegmentedCodeCache                       = true                                      {product} {ergonomic}
   size_t SoftMaxHeapSize                          = 2107637760                             {manageable} {ergonomic}
     bool UseCompressedClassPointers               = true                           {product lp64_product} {ergonomic}
     bool UseCompressedOops                        = true                           {product lp64_product} {ergonomic}
     bool UseG1GC                                  = true                                      {product} {ergonomic}
     bool UseLargePagesIndividualAllocation        = false                                  {pd product} {ergonomic}

Logging:
Log output configuration:
 #0: stdout all=warning uptime,level,tags
 #1: stderr all=off uptime,level,tags

Environment Variables:
PATH=C:\Program Files (x86)\Razer\ChromaBroadcast\bin;C:\Program Files\Razer\ChromaBroadcast\bin;C:\Program Files\Common Files\Oracle\Java\javapath;C:\Program Files (x86)\Intel\Intel(R) Management Engine Components\iCLS\;C:\Program Files\Intel\Intel(R) Management Engine Components\iCLS\;C:\Windows\system32;C:\Windows;C:\Windows\System32\Wbem;C:\Windows\System32\WindowsPowerShell\v1.0\;C:\Program Files (x86)\NVIDIA Corporation\PhysX\Common;C:\Program Files\Intel\WiFi\bin\;C:\Program Files\Common Files\Intel\WirelessCommon\;C:\Program Files (x86)\Intel\Intel(R) Management Engine Components\DAL;C:\Program Files\Intel\Intel(R) Management Engine Components\DAL;C:\Program Files (x86)\Intel\Intel(R) Management Engine Components\IPT;C:\Program Files\Intel\Intel(R) Management Engine Components\IPT;C:\WINDOWS\system32;C:\WINDOWS;C:\WINDOWS\System32\Wbem;C:\WINDOWS\System32\WindowsPowerShell\v1.0\;C:\WINDOWS\System32\OpenSSH\;C:\Program Files\Git\cmd;C:\Users\bazyl\AppData\Local\Microsoft\WindowsApps;C:\Users\bazyl\AppData\Local\Microsoft\WindowsApps;
USERNAME=bazyl
OS=Windows_NT
PROCESSOR_IDENTIFIER=Intel64 Family 6 Model 158 Stepping 10, GenuineIntel



---------------  S Y S T E M  ---------------

OS:
 Windows 10 , 64 bit Build 19041 (10.0.19041.1706)
OS uptime: 0 days 20:24 hours

CPU: total 8 (initial active 8) (4 cores per cpu, 2 threads per core) family 6 model 158 stepping 10 microcode 0xb4, cx8, cmov, fxsr, ht, mmx, 3dnowpref, sse, sse2, sse3, ssse3, sse4.1, sse4.2, popcnt, lzcnt, tsc, tscinvbit, avx, avx2, aes, erms, clmul, bmi1, bmi2, adx, fma, vzeroupper, clflush, clflushopt

Memory: 4k page, system-wide physical 8039M (411M free)
TotalPageFile size 23136M (AvailPageFile size 9M)
current process WorkingSet (physical memory assigned to process): 10M, peak: 10M
current process commit charge ("private bytes"): 60M, peak: 186M

vm_info: OpenJDK 64-Bit Server VM (17.0.3+6-LTS) for windows-amd64 JRE (17.0.3+6-LTS), built on Apr 15 2022 22:16:02 by "Administrator" with MS VC++ 15.9 (VS2017)

END.
