#
# There is insufficient memory for the Java Runtime Environment to continue.
# Native memory allocation (malloc) failed to allocate 5816 bytes for AllocateHeap
# Possible reasons:
#   The system is out of physical RAM or swap space
#   The process is running with CompressedOops enabled, and the Java Heap may be blocking the growth of the native heap
# Possible solutions:
#   Reduce memory load on the system
#   Increase physical memory or swap space
#   Check if swap backing store is full
#   Decrease Java heap size (-Xmx/-Xms)
#   Decrease number of Java threads
#   Decrease Java thread stack sizes (-Xss)
#   Set larger code cache with -XX:ReservedCodeCacheSize=
#   JVM is running with Unscaled Compressed Oops mode in which the Java heap is
#     placed in the first 4GB address space. The Java Heap base address is the
#     maximum limit for the native heap growth. Please use -XX:HeapBaseMinAddress
#     to set the Java Heap base and to place the Java Heap above 4GB virtual address.
# This output file may be truncated or incomplete.
#
#  Out of Memory Error (allocation.cpp:44), pid=24052, tid=20396
#
# JRE version: OpenJDK Runtime Environment Corretto-17.0.3.6.1 (17.0.3+6) (build 17.0.3+6-LTS)
# Java VM: OpenJDK 64-Bit Server VM Corretto-17.0.3.6.1 (17.0.3+6-LTS, mixed mode, sharing, tiered, compressed oops, compressed class ptrs, g1 gc, windows-amd64)
# No core dump will be written. Minidumps are not enabled by default on client versions of Windows
#

---------------  S U M M A R Y ------------

Command Line: --add-opens=java.base/java.util=ALL-UNNAMED --add-opens=java.base/java.lang=ALL-UNNAMED --add-opens=java.base/java.lang.invoke=ALL-UNNAMED --add-opens=java.base/java.util=ALL-UNNAMED --add-opens=java.prefs/java.util.prefs=ALL-UNNAMED --add-opens=java.prefs/java.util.prefs=ALL-UNNAMED --add-opens=java.base/java.nio.charset=ALL-UNNAMED --add-opens=java.base/java.net=ALL-UNNAMED --add-opens=java.base/java.util.concurrent.atomic=ALL-UNNAMED -XX:MaxMetaspaceSize=256m -XX:+HeapDumpOnOutOfMemoryError -Xms256m -Xmx512m -Dfile.encoding=windows-1250 -Duser.country=PL -Duser.language=pl -Duser.variant org.gradle.launcher.daemon.bootstrap.GradleDaemon 7.4

Host: Intel(R) Core(TM) i5-8300H CPU @ 2.30GHz, 8 cores, 7G,  Windows 10 , 64 bit Build 19041 (10.0.19041.1706)
Time: Wed Jun  1 16:58:05 2022  Windows 10 , 64 bit Build 19041 (10.0.19041.1706) elapsed time: 164.456417 seconds (0d 0h 2m 44s)

---------------  T H R E A D  ---------------

Current thread (0x000001554c3c9ca0):  JavaThread "Exec process Thread 3" [_thread_in_Java, id=20396, stack(0x0000003dcfe00000,0x0000003dcff00000)]

Stack: [0x0000003dcfe00000,0x0000003dcff00000]
Native frames: (J=compiled Java code, j=interpreted, Vv=VM code, C=native code)
V  [jvm.dll+0x645e5a]
V  [jvm.dll+0x7f6fc4]
V  [jvm.dll+0x7f877e]
V  [jvm.dll+0x7f8dd3]
V  [jvm.dll+0x234bb8]
V  [jvm.dll+0xb7573]
V  [jvm.dll+0x7eec5a]
V  [jvm.dll+0x241c68]
V  [jvm.dll+0x244bcc]
C  0x00000155364a232b

Java frames: (J=compiled Java code, j=interpreted, Vv=VM code)
v  ~UncommonTrapBlob
J 7473 c2 org.gradle.internal.logging.text.AbstractLineChoppingStyledTextOutput.doAppend(Ljava/lang/String;)V (43 bytes) @ 0x000001553e2539bc [0x000001553e252260+0x000000000000175c]
J 1560 c1 org.gradle.internal.logging.text.AbstractStyledTextOutput.text(Ljava/lang/Object;)Lorg/gradle/internal/logging/text/StyledTextOutput; (19 bytes) @ 0x0000015536d01d64 [0x0000015536d01b40+0x0000000000000224]
j  org.gradle.internal.logging.events.StyledTextOutputEvent.render(Lorg/gradle/internal/logging/text/StyledTextOutput;)V+45
J 6424 c1 org.gradle.internal.logging.console.StyledTextOutputBackedRenderer.onOutput(Lorg/gradle/internal/logging/events/OutputEvent;)V (260 bytes) @ 0x000001553721a52c [0x0000015537218320+0x000000000000220c]
J 6345 c1 org.gradle.internal.logging.sink.LogEventDispatcher.onOutput(Lorg/gradle/internal/logging/events/OutputEvent;)V (60 bytes) @ 0x0000015536a865bc [0x0000015536a85e60+0x000000000000075c]
J 1749 c1 org.gradle.internal.logging.sink.OutputEventRenderer$LazyListener.onOutput(Lorg/gradle/internal/logging/events/OutputEvent;)V (95 bytes) @ 0x0000015536d642b4 [0x0000015536d63aa0+0x0000000000000814]
J 2314 c1 jdk.internal.reflect.GeneratedMethodAccessor1.invoke(Ljava/lang/Object;[Ljava/lang/Object;)Ljava/lang/Object; (68 bytes) @ 0x0000015536e9a84c [0x0000015536e9a4c0+0x000000000000038c]
J 8022 c2 jdk.internal.reflect.DelegatingMethodAccessorImpl.invoke(Ljava/lang/Object;[Ljava/lang/Object;)Ljava/lang/Object; java.base@17.0.3 (10 bytes) @ 0x000001553e299444 [0x000001553e299400+0x0000000000000044]
J 4779 c1 org.gradle.internal.dispatch.ReflectionDispatch.dispatch(Lorg/gradle/internal/dispatch/MethodInvocation;)V (42 bytes) @ 0x00000155373ea654 [0x00000155373e9e40+0x0000000000000814]
J 4778 c1 org.gradle.internal.dispatch.ReflectionDispatch.dispatch(Ljava/lang/Object;)V (9 bytes) @ 0x00000155373e99b4 [0x00000155373e9840+0x0000000000000174]
J 5049 c1 org.gradle.internal.event.AbstractBroadcastDispatch.dispatch(Lorg/gradle/internal/dispatch/MethodInvocation;Lorg/gradle/internal/dispatch/Dispatch;)V (74 bytes) @ 0x000001553747a87c [0x000001553747a760+0x000000000000011c]
J 1756 c1 org.gradle.internal.event.BroadcastDispatch$SingletonDispatch.dispatch(Ljava/lang/Object;)V (9 bytes) @ 0x0000015536d6677c [0x0000015536d66540+0x000000000000023c]
J 4967 c1 org.gradle.internal.event.AbstractBroadcastDispatch.dispatch(Lorg/gradle/internal/dispatch/MethodInvocation;Ljava/util/Iterator;)V (191 bytes) @ 0x000001553743c2ec [0x000001553743bf00+0x00000000000003ec]
J 6425 c1 org.gradle.internal.event.BroadcastDispatch$CompositeDispatch.dispatch(Ljava/lang/Object;)V (9 bytes) @ 0x0000015536a088e4 [0x0000015536a085e0+0x0000000000000304]
J 6389 c1 org.gradle.internal.event.ListenerBroadcast.dispatch(Ljava/lang/Object;)V (9 bytes) @ 0x0000015536ed9074 [0x0000015536ed8dc0+0x00000000000002b4]
J 6346 c1 org.gradle.internal.dispatch.ProxyDispatchAdapter$DispatchingInvocationHandler.invoke(Ljava/lang/Object;Ljava/lang/reflect/Method;[Ljava/lang/Object;)Ljava/lang/Object; (184 bytes) @ 0x0000015536a94354 [0x0000015536a92760+0x0000000000001bf4]
J 6470 c1 jdk.proxy1.$Proxy0.onOutput(Lorg/gradle/internal/logging/events/OutputEvent;)V jdk.proxy1 (34 bytes) @ 0x0000015536e2bbdc [0x0000015536e2b8e0+0x00000000000002fc]
J 6471 c1 org.gradle.internal.logging.sink.OutputEventTransformer.onOutput(Lorg/gradle/internal/logging/events/OutputEvent;)V (399 bytes) @ 0x0000015536e2ab34 [0x0000015536e28ba0+0x0000000000001f94]
J 4415 c1 org.gradle.internal.logging.sink.OutputEventRenderer.onOutput(Lorg/gradle/internal/logging/events/OutputEvent;)V (101 bytes) @ 0x00000155372d49fc [0x00000155372d3ee0+0x0000000000000b1c]
J 4423 c1 org.gradle.internal.logging.sink.OutputEventListenerManager$1.onOutput(Lorg/gradle/internal/logging/events/OutputEvent;)V (33 bytes) @ 0x00000155372d716c [0x00000155372d7040+0x000000000000012c]
j  org.gradle.internal.logging.services.TextStreamOutputEventListener.onTextEvent(Lorg/gradle/internal/logging/events/StyledTextOutputEvent;)V+38
j  org.gradle.internal.logging.services.TextStreamOutputEventListener.onOutput(Lorg/gradle/internal/logging/events/OutputEvent;)V+12
j  org.gradle.internal.logging.source.PrintStreamLoggingSystem$OutputEventDestination.onOutput(Ljava/lang/CharSequence;)V+41
J 9327 c1 org.gradle.internal.io.LineBufferingOutputStream.write(I)V (59 bytes) @ 0x0000015537a240fc [0x0000015537a23740+0x00000000000009bc]
j  java.io.OutputStream.write([BII)V+24 java.base@17.0.3
J 1626 c1 java.io.PrintStream.write([BII)V java.base@17.0.3 (69 bytes) @ 0x0000015536d2d35c [0x0000015536d2d1a0+0x00000000000001bc]
j  org.gradle.internal.io.LinePerThreadBufferingOutputStream.write([BII)V+7
j  org.apache.commons.io.output.ProxyOutputStream.write([BII)V+12
j  org.gradle.process.internal.streams.ExecOutputHandleRunner.forwardContent()V+37
j  org.gradle.process.internal.streams.ExecOutputHandleRunner.run()V+1
j  org.gradle.internal.operations.CurrentBuildOperationPreservingRunnable.run()V+34
J 5160 c1 org.gradle.internal.concurrent.ExecutorPolicy$CatchAndRecordFailures.onExecute(Ljava/lang/Runnable;)V (29 bytes) @ 0x00000155374b03fc [0x00000155374b02e0+0x000000000000011c]
J 8334 c1 org.gradle.internal.concurrent.ManagedExecutorImpl$1.run()V (57 bytes) @ 0x000001553785fcbc [0x000001553785fb00+0x00000000000001bc]
j  java.util.concurrent.ThreadPoolExecutor.runWorker(Ljava/util/concurrent/ThreadPoolExecutor$Worker;)V+92 java.base@17.0.3
j  java.util.concurrent.ThreadPoolExecutor$Worker.run()V+5 java.base@17.0.3
j  java.lang.Thread.run()V+11 java.base@17.0.3
v  ~StubRoutines::call_stub

---------------  P R O C E S S  ---------------

Threads class SMR info:
_java_thread_list=0x000001554ab34c20, length=88, elements={
0x000001552d168ac0, 0x0000015549bd1e70, 0x0000015549bd30d0, 0x0000015549bee790,
0x0000015549bef050, 0x0000015549bef910, 0x0000015549bf01d0, 0x0000015549bf1560,
0x0000015549bf83c0, 0x0000015549bfb330, 0x000001554a8d7bb0, 0x000001554a8d8ed0,
0x000001554c7d92e0, 0x000001554bd091f0, 0x000001554c1ab610, 0x000001554c4c2080,
0x000001554bc6cad0, 0x000001554c3c97d0, 0x000001554c3cb980, 0x000001554c3cb4b0,
0x000001554c3c8490, 0x000001554c3c9300, 0x000001554d018750, 0x000001554d0160d0,
0x000001554d0195c0, 0x000001554d019f60, 0x000001554d016a70, 0x000001554d01a900,
0x000001554d01add0, 0x000001554d01c5e0, 0x000001554d016f40, 0x000001554ed616e0,
0x000001554ed62550, 0x000001554b364170, 0x000001554b367190, 0x000001554d018280,
0x000001554d01cf80, 0x000001554d01b770, 0x000001554d01bc40, 0x000001554d01c110,
0x000001554d01cab0, 0x000001554d01d920, 0x000001554d017410, 0x000001554ed5f530,
0x000001554ed5fa00, 0x000001554ed5fed0, 0x000001554ed61bb0, 0x000001554ed603a0,
0x000001554ed64bd0, 0x000001554ed633c0, 0x000001554ed63d60, 0x000001554ed64700,
0x000001554ed60870, 0x000001554ed62080, 0x000001554ed650a0, 0x000001554ed62a20,
0x000001554ed62ef0, 0x000001554ed60d40, 0x000001554ed65570, 0x000001554ed63890,
0x000001554ed64230, 0x000001554ed65a40, 0x000001554ed65f10, 0x000001554ed663e0,
0x000001554ed668b0, 0x000001554b3637d0, 0x000001554b361af0, 0x000001554b366320,
0x000001554b367660, 0x000001554b366cc0, 0x000001554b362e30, 0x000001554b369340,
0x000001554b364640, 0x000001554b364b10, 0x000001554b367b30, 0x000001554b361fc0,
0x000001554b365e50, 0x000001554b364fe0, 0x000001554b362490, 0x000001554b363300,
0x000001554b3654b0, 0x000001554b3684d0, 0x000001554b3689a0, 0x000001554c3cafe0,
0x000001554c3cbe50, 0x000001554c3c8960, 0x000001554c3c8e30, 0x000001554c3c9ca0
}

Java Threads: ( => current thread )
  0x000001552d168ac0 JavaThread "main" [_thread_blocked, id=17560, stack(0x0000003dc9500000,0x0000003dc9600000)]
  0x0000015549bd1e70 JavaThread "Reference Handler" daemon [_thread_blocked, id=25092, stack(0x0000003dc9c00000,0x0000003dc9d00000)]
  0x0000015549bd30d0 JavaThread "Finalizer" daemon [_thread_blocked, id=25072, stack(0x0000003dc9d00000,0x0000003dc9e00000)]
  0x0000015549bee790 JavaThread "Signal Dispatcher" daemon [_thread_blocked, id=23664, stack(0x0000003dc9e00000,0x0000003dc9f00000)]
  0x0000015549bef050 JavaThread "Attach Listener" daemon [_thread_blocked, id=18084, stack(0x0000003dc9f00000,0x0000003dca000000)]
  0x0000015549bef910 JavaThread "Service Thread" daemon [_thread_blocked, id=20944, stack(0x0000003dca000000,0x0000003dca100000)]
  0x0000015549bf01d0 JavaThread "Monitor Deflation Thread" daemon [_thread_blocked, id=21540, stack(0x0000003dca100000,0x0000003dca200000)]
  0x0000015549bf1560 JavaThread "C2 CompilerThread0" daemon [_thread_blocked, id=24912, stack(0x0000003dca200000,0x0000003dca300000)]
  0x0000015549bf83c0 JavaThread "C1 CompilerThread0" daemon [_thread_blocked, id=7220, stack(0x0000003dca300000,0x0000003dca400000)]
  0x0000015549bfb330 JavaThread "Sweeper thread" daemon [_thread_blocked, id=25120, stack(0x0000003dca400000,0x0000003dca500000)]
  0x000001554a8d7bb0 JavaThread "Common-Cleaner" daemon [_thread_blocked, id=22956, stack(0x0000003dca500000,0x0000003dca600000)]
  0x000001554a8d8ed0 JavaThread "Notification Thread" daemon [_thread_blocked, id=18448, stack(0x0000003dca600000,0x0000003dca700000)]
  0x000001554c7d92e0 JavaThread "Daemon health stats" [_thread_blocked, id=23672, stack(0x0000003dcae00000,0x0000003dcaf00000)]
  0x000001554bd091f0 JavaThread "Incoming local TCP Connector on port 50216" [_thread_in_native, id=24624, stack(0x0000003dcaf00000,0x0000003dcb000000)]
  0x000001554c1ab610 JavaThread "Daemon periodic checks" [_thread_blocked, id=21668, stack(0x0000003dcb000000,0x0000003dcb100000)]
  0x000001554c4c2080 JavaThread "Daemon" [_thread_blocked, id=19384, stack(0x0000003dcb100000,0x0000003dcb200000)]
  0x000001554bc6cad0 JavaThread "Daemon worker" [_thread_blocked, id=6648, stack(0x0000003dcb400000,0x0000003dcb500000)]
  0x000001554c3c97d0 JavaThread "Cache worker for journal cache (C:\Users\bazyl\.gradle\caches\journal-1)" [_thread_blocked, id=24356, stack(0x0000003dcb800000,0x0000003dcb900000)]
  0x000001554c3cb980 JavaThread "File lock request listener" [_thread_in_native, id=23264, stack(0x0000003dcb900000,0x0000003dcba00000)]
  0x000001554c3cb4b0 JavaThread "Cache worker for file hash cache (C:\Users\bazyl\.gradle\caches\7.4\fileHashes)" [_thread_blocked, id=10524, stack(0x0000003dcba00000,0x0000003dcbb00000)]
  0x000001554c3c8490 JavaThread "File watcher server" daemon [_thread_blocked, id=148, stack(0x0000003dcbb00000,0x0000003dcbc00000)]
  0x000001554c3c9300 JavaThread "File watcher consumer" daemon [_thread_blocked, id=24740, stack(0x0000003dcbc00000,0x0000003dcbd00000)]
  0x000001554d018750 JavaThread "Cache worker for execution history cache (C:\Users\bazyl\.gradle\caches\7.4\executionHistory)" [_thread_blocked, id=22600, stack(0x0000003dcc400000,0x0000003dcc500000)]
  0x000001554d0160d0 JavaThread "jar transforms" [_thread_blocked, id=17480, stack(0x0000003dcc500000,0x0000003dcc600000)]
  0x000001554d0195c0 JavaThread "jar transforms Thread 2" [_thread_blocked, id=20504, stack(0x0000003dcc600000,0x0000003dcc700000)]
  0x000001554d019f60 JavaThread "Cache worker for file content cache (C:\Users\bazyl\.gradle\caches\7.4\fileContent)" [_thread_blocked, id=24272, stack(0x0000003dcc700000,0x0000003dcc800000)]
  0x000001554d016a70 JavaThread "jar transforms Thread 3" [_thread_blocked, id=16500, stack(0x0000003dcc800000,0x0000003dcc900000)]
  0x000001554d01a900 JavaThread "jar transforms Thread 4" [_thread_blocked, id=21064, stack(0x0000003dcc900000,0x0000003dcca00000)]
  0x000001554d01add0 JavaThread "jar transforms Thread 5" [_thread_blocked, id=11224, stack(0x0000003dcca00000,0x0000003dccb00000)]
  0x000001554d01c5e0 JavaThread "jar transforms Thread 6" [_thread_blocked, id=23252, stack(0x0000003dccb00000,0x0000003dccc00000)]
  0x000001554d016f40 JavaThread "jar transforms Thread 7" [_thread_blocked, id=13108, stack(0x0000003dccd00000,0x0000003dcce00000)]
  0x000001554ed616e0 JavaThread "jar transforms Thread 8" [_thread_blocked, id=20748, stack(0x0000003dce000000,0x0000003dce100000)]
  0x000001554ed62550 JavaThread "Memory manager" [_thread_blocked, id=24436, stack(0x0000003dce100000,0x0000003dce200000)]
  0x000001554b364170 JavaThread "Cache worker for Java compile cache (C:\Users\bazyl\.gradle\caches\7.4\javaCompile)" [_thread_blocked, id=7436, stack(0x0000003dcf000000,0x0000003dcf100000)]
  0x000001554b367190 JavaThread "Daemon Thread 2" [_thread_blocked, id=7560, stack(0x0000003dcc000000,0x0000003dcc100000)]
  0x000001554d018280 JavaThread "Handler for socket connection from /127.0.0.1:50216 to /127.0.0.1:50402" [_thread_in_native, id=24660, stack(0x0000003dc9200000,0x0000003dc9300000)]
  0x000001554d01cf80 JavaThread "Cancel handler" [_thread_blocked, id=17828, stack(0x0000003dc9300000,0x0000003dc9400000)]
  0x000001554d01b770 JavaThread "Asynchronous log dispatcher for DefaultDaemonConnection: socket connection from /127.0.0.1:50216 to /127.0.0.1:50402" [_thread_blocked, id=19092, stack(0x0000003dc9400000,0x0000003dc9500000)]
  0x000001554d01bc40 JavaThread "Stdin handler" [_thread_blocked, id=16340, stack(0x0000003dcb300000,0x0000003dcb400000)]
  0x000001554d01c110 JavaThread "Daemon client event forwarder" [_thread_blocked, id=21872, stack(0x0000003dcb500000,0x0000003dcb600000)]
  0x000001554d01cab0 JavaThread "Cache worker for checksums cache (C:\Users\bazyl\IdeaProjects\kodilla-game1\.gradle\7.4\checksums)" [_thread_blocked, id=25568, stack(0x0000003dcb700000,0x0000003dcb800000)]
  0x000001554d01d920 JavaThread "Cache worker for cache directory md-rule (C:\Users\bazyl\.gradle\caches\7.4\md-rule)" [_thread_blocked, id=10860, stack(0x0000003dcbd00000,0x0000003dcbe00000)]
  0x000001554d017410 JavaThread "Cache worker for file hash cache (C:\Users\bazyl\IdeaProjects\kodilla-game1\.gradle\7.4\fileHashes)" [_thread_blocked, id=25424, stack(0x0000003dcbe00000,0x0000003dcbf00000)]
  0x000001554ed5f530 JavaThread "Cache worker for cache directory md-supplier (C:\Users\bazyl\.gradle\caches\7.4\md-supplier)" [_thread_blocked, id=20712, stack(0x0000003dccc00000,0x0000003dccd00000)]
  0x000001554ed5fa00 JavaThread "Cache worker for dependencies-accessors (C:\Users\bazyl\IdeaProjects\kodilla-game1\.gradle\7.4\dependencies-accessors)" [_thread_blocked, id=24972, stack(0x0000003dcbf00000,0x0000003dcc000000)]
  0x000001554ed5fed0 JavaThread "Cache worker for Build Output Cleanup Cache (C:\Users\bazyl\IdeaProjects\kodilla-game1\.gradle\buildOutputCleanup)" [_thread_blocked, id=12044, stack(0x0000003dcce00000,0x0000003dccf00000)]
  0x000001554ed61bb0 JavaThread "Unconstrained build operations" [_thread_blocked, id=24760, stack(0x0000003dccf00000,0x0000003dcd000000)]
  0x000001554ed603a0 JavaThread "Unconstrained build operations Thread 2" [_thread_blocked, id=2540, stack(0x0000003dcd000000,0x0000003dcd100000)]
  0x000001554ed64bd0 JavaThread "Unconstrained build operations Thread 3" [_thread_blocked, id=25028, stack(0x0000003dcd100000,0x0000003dcd200000)]
  0x000001554ed633c0 JavaThread "Unconstrained build operations Thread 4" [_thread_blocked, id=24380, stack(0x0000003dcd200000,0x0000003dcd300000)]
  0x000001554ed63d60 JavaThread "Unconstrained build operations Thread 5" [_thread_blocked, id=25160, stack(0x0000003dcd300000,0x0000003dcd400000)]
  0x000001554ed64700 JavaThread "Unconstrained build operations Thread 6" [_thread_blocked, id=24988, stack(0x0000003dcd400000,0x0000003dcd500000)]
  0x000001554ed60870 JavaThread "Unconstrained build operations Thread 7" [_thread_blocked, id=24256, stack(0x0000003dcd500000,0x0000003dcd600000)]
  0x000001554ed62080 JavaThread "Unconstrained build operations Thread 8" [_thread_blocked, id=19740, stack(0x0000003dcd600000,0x0000003dcd700000)]
  0x000001554ed650a0 JavaThread "Unconstrained build operations Thread 9" [_thread_blocked, id=25392, stack(0x0000003dcd700000,0x0000003dcd800000)]
  0x000001554ed62a20 JavaThread "Unconstrained build operations Thread 10" [_thread_blocked, id=25408, stack(0x0000003dcd800000,0x0000003dcd900000)]
  0x000001554ed62ef0 JavaThread "Unconstrained build operations Thread 11" [_thread_blocked, id=22580, stack(0x0000003dcd900000,0x0000003dcda00000)]
  0x000001554ed60d40 JavaThread "Unconstrained build operations Thread 12" [_thread_blocked, id=24344, stack(0x0000003dcda00000,0x0000003dcdb00000)]
  0x000001554ed65570 JavaThread "Unconstrained build operations Thread 13" [_thread_blocked, id=4000, stack(0x0000003dcdb00000,0x0000003dcdc00000)]
  0x000001554ed63890 JavaThread "Unconstrained build operations Thread 14" [_thread_blocked, id=17760, stack(0x0000003dcdc00000,0x0000003dcdd00000)]
  0x000001554ed64230 JavaThread "Unconstrained build operations Thread 15" [_thread_blocked, id=24120, stack(0x0000003dcdd00000,0x0000003dcde00000)]
  0x000001554ed65a40 JavaThread "Unconstrained build operations Thread 16" [_thread_blocked, id=23644, stack(0x0000003dcde00000,0x0000003dcdf00000)]
  0x000001554ed65f10 JavaThread "Unconstrained build operations Thread 17" [_thread_blocked, id=19468, stack(0x0000003dce200000,0x0000003dce300000)]
  0x000001554ed663e0 JavaThread "included builds" [_thread_blocked, id=25344, stack(0x0000003dce300000,0x0000003dce400000)]
  0x000001554ed668b0 JavaThread "Execution worker for ':'" [_thread_blocked, id=24616, stack(0x0000003dce400000,0x0000003dce500000)]
  0x000001554b3637d0 JavaThread "Execution worker for ':' Thread 2" [_thread_blocked, id=19852, stack(0x0000003dce500000,0x0000003dce600000)]
  0x000001554b361af0 JavaThread "Execution worker for ':' Thread 3" [_thread_blocked, id=25524, stack(0x0000003dce600000,0x0000003dce700000)]
  0x000001554b366320 JavaThread "Execution worker for ':' Thread 4" [_thread_blocked, id=21224, stack(0x0000003dce700000,0x0000003dce800000)]
  0x000001554b367660 JavaThread "Execution worker for ':' Thread 5" [_thread_blocked, id=25012, stack(0x0000003dce800000,0x0000003dce900000)]
  0x000001554b366cc0 JavaThread "Execution worker for ':' Thread 6" [_thread_blocked, id=24320, stack(0x0000003dce900000,0x0000003dcea00000)]
  0x000001554b362e30 JavaThread "Execution worker for ':' Thread 7" [_thread_blocked, id=11268, stack(0x0000003dcea00000,0x0000003dceb00000)]
  0x000001554b369340 JavaThread "Cache worker for execution history cache (C:\Users\bazyl\IdeaProjects\kodilla-game1\.gradle\7.4\executionHistory)" [_thread_blocked, id=10536, stack(0x0000003dceb00000,0x0000003dcec00000)]
  0x000001554b364640 JavaThread "Unconstrained build operations Thread 18" [_thread_blocked, id=16304, stack(0x0000003dcec00000,0x0000003dced00000)]
  0x000001554b364b10 JavaThread "Unconstrained build operations Thread 19" [_thread_blocked, id=24676, stack(0x0000003dced00000,0x0000003dcee00000)]
  0x000001554b367b30 JavaThread "Unconstrained build operations Thread 20" [_thread_blocked, id=19868, stack(0x0000003dcee00000,0x0000003dcef00000)]
  0x000001554b361fc0 JavaThread "Unconstrained build operations Thread 21" [_thread_blocked, id=24996, stack(0x0000003dcef00000,0x0000003dcf000000)]
  0x000001554b365e50 JavaThread "Unconstrained build operations Thread 22" [_thread_blocked, id=25276, stack(0x0000003dcf100000,0x0000003dcf200000)]
  0x000001554b364fe0 JavaThread "Build operations" [_thread_blocked, id=23328, stack(0x0000003dcf200000,0x0000003dcf300000)]
  0x000001554b362490 JavaThread "Build operations Thread 2" [_thread_blocked, id=4928, stack(0x0000003dcf300000,0x0000003dcf400000)]
  0x000001554b363300 JavaThread "Build operations Thread 3" [_thread_blocked, id=3224, stack(0x0000003dcf400000,0x0000003dcf500000)]
  0x000001554b3654b0 JavaThread "Build operations Thread 4" [_thread_blocked, id=2184, stack(0x0000003dcf500000,0x0000003dcf600000)]
  0x000001554b3684d0 JavaThread "Build operations Thread 5" [_thread_blocked, id=20348, stack(0x0000003dcf800000,0x0000003dcf900000)]
  0x000001554b3689a0 JavaThread "Unconstrained build operations Thread 23" [_thread_blocked, id=6000, stack(0x0000003dcf900000,0x0000003dcfa00000)]
  0x000001554c3cafe0 JavaThread "Unconstrained build operations Thread 24" [_thread_blocked, id=24884, stack(0x0000003dcfa00000,0x0000003dcfb00000)]
  0x000001554c3cbe50 JavaThread "Unconstrained build operations Thread 25" [_thread_blocked, id=18320, stack(0x0000003dcfb00000,0x0000003dcfc00000)]
  0x000001554c3c8960 JavaThread "Exec process" [_thread_in_native, id=22952, stack(0x0000003dcfc00000,0x0000003dcfd00000)]
  0x000001554c3c8e30 JavaThread "Exec process Thread 2" [_thread_in_native, id=25488, stack(0x0000003dcfd00000,0x0000003dcfe00000)]
=>0x000001554c3c9ca0 JavaThread "Exec process Thread 3" [_thread_in_Java, id=20396, stack(0x0000003dcfe00000,0x0000003dcff00000)]

Other Threads:
  0x0000015549bcad10 VMThread "VM Thread" [stack: 0x0000003dc9b00000,0x0000003dc9c00000] [id=21256]
  0x000001552d1a5aa0 WatcherThread [stack: 0x0000003dca700000,0x0000003dca800000] [id=3600]
  0x000001552d199fd0 GCTaskThread "GC Thread#0" [stack: 0x0000003dc9600000,0x0000003dc9700000] [id=20568]
  0x000001554b232c00 GCTaskThread "GC Thread#1" [stack: 0x0000003dca900000,0x0000003dcaa00000] [id=19888]
  0x000001554b3b7eb0 GCTaskThread "GC Thread#2" [stack: 0x0000003dcaa00000,0x0000003dcab00000] [id=24672]
  0x000001554b4932c0 GCTaskThread "GC Thread#3" [stack: 0x0000003dcab00000,0x0000003dcac00000] [id=25364]
  0x000001554b493570 GCTaskThread "GC Thread#4" [stack: 0x0000003dcac00000,0x0000003dcad00000] [id=16248]
  0x000001554b5a04b0 GCTaskThread "GC Thread#5" [stack: 0x0000003dcad00000,0x0000003dcae00000] [id=24940]
  0x000001554eb372d0 GCTaskThread "GC Thread#6" [stack: 0x0000003dcc100000,0x0000003dcc200000] [id=1204]
  0x000001554eb36810 GCTaskThread "GC Thread#7" [stack: 0x0000003dcc200000,0x0000003dcc300000] [id=25224]
  0x000001552d19ecc0 ConcurrentGCThread "G1 Main Marker" [stack: 0x0000003dc9700000,0x0000003dc9800000] [id=25448]
  0x000001552d19fcc0 ConcurrentGCThread "G1 Conc#0" [stack: 0x0000003dc9800000,0x0000003dc9900000] [id=24864]
  0x000001554eb37830 ConcurrentGCThread "G1 Conc#1" [stack: 0x0000003dcc300000,0x0000003dcc400000] [id=4576]
  0x000001552d24df60 ConcurrentGCThread "G1 Refine#0" [stack: 0x0000003dc9900000,0x0000003dc9a00000] [id=24748]
  0x000001555023bfd0 ConcurrentGCThread "G1 Refine#1" [stack: 0x0000003dcf600000,0x0000003dcf700000] [id=19420]
  0x000001555023c590 ConcurrentGCThread "G1 Refine#2" [stack: 0x0000003dcf700000,0x0000003dcf800000] [id=25216]
  0x000001552d24e730 ConcurrentGCThread "G1 Service" [stack: 0x0000003dc9a00000,0x0000003dc9b00000] [id=24836]

Threads with active compile tasks:

VM state: not at safepoint (normal execution)

VM Mutex/Monitor currently owned by a thread: None

OutOfMemory and StackOverflow Exception counts:
OutOfMemoryError java_heap_errors=1
LinkageErrors=131

Heap address: 0x00000000e0000000, size: 512 MB, Compressed Oops mode: 32-bit

CDS archive(s) mapped at: [0x0000000800000000-0x0000000800bc0000-0x0000000800bc0000), size 12320768, SharedBaseAddress: 0x0000000800000000, ArchiveRelocationMode: 0.
Compressed class space mapped at: 0x0000000800c00000-0x000000080dc00000, reserved size: 218103808
Narrow klass base: 0x0000000800000000, Narrow klass shift: 0, Narrow klass range: 0x100000000

GC Precious Log:
 CPUs: 8 total, 8 available
 Memory: 8039M
 Large Page Support: Disabled
 NUMA Support: Disabled
 Compressed Oops: Enabled (32-bit)
 Heap Region Size: 1M
 Heap Min Capacity: 256M
 Heap Initial Capacity: 256M
 Heap Max Capacity: 512M
 Pre-touch: Disabled
 Parallel Workers: 8
 Concurrent Workers: 2
 Concurrent Refinement Workers: 8
 Periodic GC: Disabled

Heap:
 garbage-first heap   total 262144K, used 72615K [0x00000000e0000000, 0x0000000100000000)
  region size 1024K, 27 young (27648K), 12 survivors (12288K)
 Metaspace       used 58927K, committed 59584K, reserved 270336K
  class space    used 8130K, committed 8448K, reserved 212992K

Heap Regions: E=young(eden), S=young(survivor), O=old, HS=humongous(starts), HC=humongous(continues), CS=collection set, F=free, OA=open archive, CA=closed archive, TAMS=top-at-mark-start (previous, next)
|   0|0x00000000e0000000, 0x00000000e0100000, 0x00000000e0100000|100%| O|  |TAMS 0x00000000e0100000, 0x00000000e0000000| Untracked 
|   1|0x00000000e0100000, 0x00000000e0200000, 0x00000000e0200000|100%| O|  |TAMS 0x00000000e0200000, 0x00000000e0100000| Untracked 
|   2|0x00000000e0200000, 0x00000000e0300000, 0x00000000e0300000|100%| O|  |TAMS 0x00000000e0200000, 0x00000000e0200000| Untracked 
|   3|0x00000000e0300000, 0x00000000e0400000, 0x00000000e0400000|100%|HS|  |TAMS 0x00000000e0400000, 0x00000000e0300000| Complete 
|   4|0x00000000e0400000, 0x00000000e0500000, 0x00000000e0500000|100%|HC|  |TAMS 0x00000000e0500000, 0x00000000e0400000| Complete 
|   5|0x00000000e0500000, 0x00000000e0600000, 0x00000000e0600000|100%|HC|  |TAMS 0x00000000e0600000, 0x00000000e0500000| Complete 
|   6|0x00000000e0600000, 0x00000000e0700000, 0x00000000e0700000|100%| O|  |TAMS 0x00000000e0700000, 0x00000000e0600000| Untracked 
|   7|0x00000000e0700000, 0x00000000e0800000, 0x00000000e0800000|100%| O|  |TAMS 0x00000000e0800000, 0x00000000e0700000| Untracked 
|   8|0x00000000e0800000, 0x00000000e0900000, 0x00000000e0900000|100%| O|  |TAMS 0x00000000e0900000, 0x00000000e0800000| Untracked 
|   9|0x00000000e0900000, 0x00000000e0a00000, 0x00000000e0a00000|100%| O|  |TAMS 0x00000000e0a00000, 0x00000000e0900000| Untracked 
|  10|0x00000000e0a00000, 0x00000000e0a00000, 0x00000000e0b00000|  0%| F|  |TAMS 0x00000000e0a00000, 0x00000000e0a00000| Untracked 
|  11|0x00000000e0b00000, 0x00000000e0c00000, 0x00000000e0c00000|100%| O|  |TAMS 0x00000000e0c00000, 0x00000000e0b00000| Untracked 
|  12|0x00000000e0c00000, 0x00000000e0d00000, 0x00000000e0d00000|100%| O|  |TAMS 0x00000000e0d00000, 0x00000000e0c00000| Untracked 
|  13|0x00000000e0d00000, 0x00000000e0e00000, 0x00000000e0e00000|100%| O|  |TAMS 0x00000000e0e00000, 0x00000000e0d00000| Untracked 
|  14|0x00000000e0e00000, 0x00000000e0f00000, 0x00000000e0f00000|100%| O|  |TAMS 0x00000000e0f00000, 0x00000000e0e00000| Untracked 
|  15|0x00000000e0f00000, 0x00000000e1000000, 0x00000000e1000000|100%| O|  |TAMS 0x00000000e1000000, 0x00000000e0f00000| Untracked 
|  16|0x00000000e1000000, 0x00000000e1100000, 0x00000000e1100000|100%| O|  |TAMS 0x00000000e1100000, 0x00000000e1000000| Untracked 
|  17|0x00000000e1100000, 0x00000000e1200000, 0x00000000e1200000|100%| O|  |TAMS 0x00000000e1200000, 0x00000000e1100000| Untracked 
|  18|0x00000000e1200000, 0x00000000e1300000, 0x00000000e1300000|100%| O|  |TAMS 0x00000000e1300000, 0x00000000e1200000| Untracked 
|  19|0x00000000e1300000, 0x00000000e1400000, 0x00000000e1400000|100%| O|  |TAMS 0x00000000e1400000, 0x00000000e1300000| Untracked 
|  20|0x00000000e1400000, 0x00000000e1500000, 0x00000000e1500000|100%| O|  |TAMS 0x00000000e1500000, 0x00000000e1400000| Untracked 
|  21|0x00000000e1500000, 0x00000000e1600000, 0x00000000e1600000|100%| O|  |TAMS 0x00000000e1600000, 0x00000000e1500000| Untracked 
|  22|0x00000000e1600000, 0x00000000e1700000, 0x00000000e1700000|100%| O|  |TAMS 0x00000000e1700000, 0x00000000e1600000| Untracked 
|  23|0x00000000e1700000, 0x00000000e1800000, 0x00000000e1800000|100%| O|  |TAMS 0x00000000e1800000, 0x00000000e1700000| Untracked 
|  24|0x00000000e1800000, 0x00000000e1900000, 0x00000000e1900000|100%| O|  |TAMS 0x00000000e1900000, 0x00000000e1800000| Untracked 
|  25|0x00000000e1900000, 0x00000000e1a00000, 0x00000000e1a00000|100%| O|  |TAMS 0x00000000e1a00000, 0x00000000e1900000| Untracked 
|  26|0x00000000e1a00000, 0x00000000e1b00000, 0x00000000e1b00000|100%| O|  |TAMS 0x00000000e1b00000, 0x00000000e1a00000| Untracked 
|  27|0x00000000e1b00000, 0x00000000e1c00000, 0x00000000e1c00000|100%| O|  |TAMS 0x00000000e1c00000, 0x00000000e1b00000| Untracked 
|  28|0x00000000e1c00000, 0x00000000e1d00000, 0x00000000e1d00000|100%| O|  |TAMS 0x00000000e1c7c600, 0x00000000e1c00000| Untracked 
|  29|0x00000000e1d00000, 0x00000000e1e00000, 0x00000000e1e00000|100%| O|  |TAMS 0x00000000e1d00000, 0x00000000e1d00000| Untracked 
|  30|0x00000000e1e00000, 0x00000000e1f00000, 0x00000000e1f00000|100%| O|  |TAMS 0x00000000e1e00000, 0x00000000e1e00000| Untracked 
|  31|0x00000000e1f00000, 0x00000000e2000000, 0x00000000e2000000|100%| O|  |TAMS 0x00000000e1f00000, 0x00000000e1f00000| Untracked 
|  32|0x00000000e2000000, 0x00000000e2100000, 0x00000000e2100000|100%| O|  |TAMS 0x00000000e2000000, 0x00000000e2000000| Untracked 
|  33|0x00000000e2100000, 0x00000000e2200000, 0x00000000e2200000|100%| O|  |TAMS 0x00000000e2100000, 0x00000000e2100000| Untracked 
|  34|0x00000000e2200000, 0x00000000e2300000, 0x00000000e2300000|100%| O|  |TAMS 0x00000000e2200000, 0x00000000e2200000| Untracked 
|  35|0x00000000e2300000, 0x00000000e2400000, 0x00000000e2400000|100%| O|  |TAMS 0x00000000e2300000, 0x00000000e2300000| Untracked 
|  36|0x00000000e2400000, 0x00000000e2500000, 0x00000000e2500000|100%| O|  |TAMS 0x00000000e2400000, 0x00000000e2400000| Untracked 
|  37|0x00000000e2500000, 0x00000000e2600000, 0x00000000e2600000|100%| O|  |TAMS 0x00000000e2500000, 0x00000000e2500000| Untracked 
|  38|0x00000000e2600000, 0x00000000e2700000, 0x00000000e2700000|100%| O|  |TAMS 0x00000000e2600000, 0x00000000e2600000| Untracked 
|  39|0x00000000e2700000, 0x00000000e2800000, 0x00000000e2800000|100%| O|  |TAMS 0x00000000e2700000, 0x00000000e2700000| Untracked 
|  40|0x00000000e2800000, 0x00000000e2900000, 0x00000000e2900000|100%| O|  |TAMS 0x00000000e2800000, 0x00000000e2800000| Untracked 
|  41|0x00000000e2900000, 0x00000000e2a00000, 0x00000000e2a00000|100%| O|  |TAMS 0x00000000e2900000, 0x00000000e2900000| Untracked 
|  42|0x00000000e2a00000, 0x00000000e2b00000, 0x00000000e2b00000|100%| O|  |TAMS 0x00000000e2a00000, 0x00000000e2a00000| Untracked 
|  43|0x00000000e2b00000, 0x00000000e2c00000, 0x00000000e2c00000|100%| O|  |TAMS 0x00000000e2b00000, 0x00000000e2b00000| Untracked 
|  44|0x00000000e2c00000, 0x00000000e2d00000, 0x00000000e2d00000|100%| O|  |TAMS 0x00000000e2c00000, 0x00000000e2c00000| Untracked 
|  45|0x00000000e2d00000, 0x00000000e2e00000, 0x00000000e2e00000|100%| O|  |TAMS 0x00000000e2d00000, 0x00000000e2d00000| Untracked 
|  46|0x00000000e2e00000, 0x00000000e2e9f800, 0x00000000e2f00000| 62%| O|  |TAMS 0x00000000e2e00000, 0x00000000e2e00000| Untracked 
|  47|0x00000000e2f00000, 0x00000000e2f00000, 0x00000000e3000000|  0%| F|  |TAMS 0x00000000e2f00000, 0x00000000e2f00000| Untracked 
|  48|0x00000000e3000000, 0x00000000e3000000, 0x00000000e3100000|  0%| F|  |TAMS 0x00000000e3000000, 0x00000000e3000000| Untracked 
|  49|0x00000000e3100000, 0x00000000e3100000, 0x00000000e3200000|  0%| F|  |TAMS 0x00000000e3100000, 0x00000000e3100000| Untracked 
|  50|0x00000000e3200000, 0x00000000e3200000, 0x00000000e3300000|  0%| F|  |TAMS 0x00000000e3200000, 0x00000000e3200000| Untracked 
|  51|0x00000000e3300000, 0x00000000e3300000, 0x00000000e3400000|  0%| F|  |TAMS 0x00000000e3300000, 0x00000000e3300000| Untracked 
|  52|0x00000000e3400000, 0x00000000e3400000, 0x00000000e3500000|  0%| F|  |TAMS 0x00000000e3400000, 0x00000000e3400000| Untracked 
|  53|0x00000000e3500000, 0x00000000e3500000, 0x00000000e3600000|  0%| F|  |TAMS 0x00000000e3500000, 0x00000000e3500000| Untracked 
|  54|0x00000000e3600000, 0x00000000e3600000, 0x00000000e3700000|  0%| F|  |TAMS 0x00000000e3600000, 0x00000000e3600000| Untracked 
|  55|0x00000000e3700000, 0x00000000e3700000, 0x00000000e3800000|  0%| F|  |TAMS 0x00000000e3700000, 0x00000000e3700000| Untracked 
|  56|0x00000000e3800000, 0x00000000e3800000, 0x00000000e3900000|  0%| F|  |TAMS 0x00000000e3800000, 0x00000000e3800000| Untracked 
|  57|0x00000000e3900000, 0x00000000e3900000, 0x00000000e3a00000|  0%| F|  |TAMS 0x00000000e3900000, 0x00000000e3900000| Untracked 
|  58|0x00000000e3a00000, 0x00000000e3a00000, 0x00000000e3b00000|  0%| F|  |TAMS 0x00000000e3a00000, 0x00000000e3a00000| Untracked 
|  59|0x00000000e3b00000, 0x00000000e3b00000, 0x00000000e3c00000|  0%| F|  |TAMS 0x00000000e3b00000, 0x00000000e3b00000| Untracked 
|  60|0x00000000e3c00000, 0x00000000e3c00000, 0x00000000e3d00000|  0%| F|  |TAMS 0x00000000e3c00000, 0x00000000e3c00000| Untracked 
|  61|0x00000000e3d00000, 0x00000000e3d00000, 0x00000000e3e00000|  0%| F|  |TAMS 0x00000000e3d00000, 0x00000000e3d00000| Untracked 
|  62|0x00000000e3e00000, 0x00000000e3e00000, 0x00000000e3f00000|  0%| F|  |TAMS 0x00000000e3e00000, 0x00000000e3e00000| Untracked 
|  63|0x00000000e3f00000, 0x00000000e3f00000, 0x00000000e4000000|  0%| F|  |TAMS 0x00000000e3f00000, 0x00000000e3f00000| Untracked 
|  64|0x00000000e4000000, 0x00000000e4000000, 0x00000000e4100000|  0%| F|  |TAMS 0x00000000e4000000, 0x00000000e4000000| Untracked 
|  65|0x00000000e4100000, 0x00000000e4100000, 0x00000000e4200000|  0%| F|  |TAMS 0x00000000e4100000, 0x00000000e4100000| Untracked 
|  66|0x00000000e4200000, 0x00000000e4200000, 0x00000000e4300000|  0%| F|  |TAMS 0x00000000e4200000, 0x00000000e4200000| Untracked 
|  67|0x00000000e4300000, 0x00000000e4300000, 0x00000000e4400000|  0%| F|  |TAMS 0x00000000e4300000, 0x00000000e4300000| Untracked 
|  68|0x00000000e4400000, 0x00000000e4400000, 0x00000000e4500000|  0%| F|  |TAMS 0x00000000e4400000, 0x00000000e4400000| Untracked 
|  69|0x00000000e4500000, 0x00000000e4500000, 0x00000000e4600000|  0%| F|  |TAMS 0x00000000e4500000, 0x00000000e4500000| Untracked 
|  70|0x00000000e4600000, 0x00000000e4600000, 0x00000000e4700000|  0%| F|  |TAMS 0x00000000e4600000, 0x00000000e4600000| Untracked 
|  71|0x00000000e4700000, 0x00000000e4700000, 0x00000000e4800000|  0%| F|  |TAMS 0x00000000e4700000, 0x00000000e4700000| Untracked 
|  72|0x00000000e4800000, 0x00000000e4800000, 0x00000000e4900000|  0%| F|  |TAMS 0x00000000e4800000, 0x00000000e4800000| Untracked 
|  73|0x00000000e4900000, 0x00000000e4900000, 0x00000000e4a00000|  0%| F|  |TAMS 0x00000000e4900000, 0x00000000e4900000| Untracked 
|  74|0x00000000e4a00000, 0x00000000e4a00000, 0x00000000e4b00000|  0%| F|  |TAMS 0x00000000e4a00000, 0x00000000e4a00000| Untracked 
|  75|0x00000000e4b00000, 0x00000000e4b00000, 0x00000000e4c00000|  0%| F|  |TAMS 0x00000000e4b00000, 0x00000000e4b00000| Untracked 
|  76|0x00000000e4c00000, 0x00000000e4c00000, 0x00000000e4d00000|  0%| F|  |TAMS 0x00000000e4c00000, 0x00000000e4c00000| Untracked 
|  77|0x00000000e4d00000, 0x00000000e4d00000, 0x00000000e4e00000|  0%| F|  |TAMS 0x00000000e4d00000, 0x00000000e4d00000| Untracked 
|  78|0x00000000e4e00000, 0x00000000e4e00000, 0x00000000e4f00000|  0%| F|  |TAMS 0x00000000e4e00000, 0x00000000e4e00000| Untracked 
|  79|0x00000000e4f00000, 0x00000000e4f00000, 0x00000000e5000000|  0%| F|  |TAMS 0x00000000e4f00000, 0x00000000e4f00000| Untracked 
|  80|0x00000000e5000000, 0x00000000e5000000, 0x00000000e5100000|  0%| F|  |TAMS 0x00000000e5000000, 0x00000000e5000000| Untracked 
|  81|0x00000000e5100000, 0x00000000e5100000, 0x00000000e5200000|  0%| F|  |TAMS 0x00000000e5100000, 0x00000000e5100000| Untracked 
|  82|0x00000000e5200000, 0x00000000e5200000, 0x00000000e5300000|  0%| F|  |TAMS 0x00000000e5200000, 0x00000000e5200000| Untracked 
|  83|0x00000000e5300000, 0x00000000e5300000, 0x00000000e5400000|  0%| F|  |TAMS 0x00000000e5300000, 0x00000000e5300000| Untracked 
|  84|0x00000000e5400000, 0x00000000e5400000, 0x00000000e5500000|  0%| F|  |TAMS 0x00000000e5400000, 0x00000000e5400000| Untracked 
|  85|0x00000000e5500000, 0x00000000e5500000, 0x00000000e5600000|  0%| F|  |TAMS 0x00000000e5500000, 0x00000000e5500000| Untracked 
|  86|0x00000000e5600000, 0x00000000e5600000, 0x00000000e5700000|  0%| F|  |TAMS 0x00000000e5600000, 0x00000000e5600000| Untracked 
|  87|0x00000000e5700000, 0x00000000e5700000, 0x00000000e5800000|  0%| F|  |TAMS 0x00000000e5700000, 0x00000000e5700000| Untracked 
|  88|0x00000000e5800000, 0x00000000e5800000, 0x00000000e5900000|  0%| F|  |TAMS 0x00000000e5800000, 0x00000000e5800000| Untracked 
|  89|0x00000000e5900000, 0x00000000e5900000, 0x00000000e5a00000|  0%| F|  |TAMS 0x00000000e5900000, 0x00000000e5900000| Untracked 
|  90|0x00000000e5a00000, 0x00000000e5a00000, 0x00000000e5b00000|  0%| F|  |TAMS 0x00000000e5a00000, 0x00000000e5a00000| Untracked 
|  91|0x00000000e5b00000, 0x00000000e5b00000, 0x00000000e5c00000|  0%| F|  |TAMS 0x00000000e5b00000, 0x00000000e5b00000| Untracked 
|  92|0x00000000e5c00000, 0x00000000e5c00000, 0x00000000e5d00000|  0%| F|  |TAMS 0x00000000e5c00000, 0x00000000e5c00000| Untracked 
|  93|0x00000000e5d00000, 0x00000000e5d00000, 0x00000000e5e00000|  0%| F|  |TAMS 0x00000000e5d00000, 0x00000000e5d00000| Untracked 
|  94|0x00000000e5e00000, 0x00000000e5e00000, 0x00000000e5f00000|  0%| F|  |TAMS 0x00000000e5e00000, 0x00000000e5e00000| Untracked 
|  95|0x00000000e5f00000, 0x00000000e5f00000, 0x00000000e6000000|  0%| F|  |TAMS 0x00000000e5f00000, 0x00000000e5f00000| Untracked 
|  96|0x00000000e6000000, 0x00000000e6000000, 0x00000000e6100000|  0%| F|  |TAMS 0x00000000e6000000, 0x00000000e6000000| Untracked 
|  97|0x00000000e6100000, 0x00000000e6100000, 0x00000000e6200000|  0%| F|  |TAMS 0x00000000e6100000, 0x00000000e6100000| Untracked 
|  98|0x00000000e6200000, 0x00000000e6200000, 0x00000000e6300000|  0%| F|  |TAMS 0x00000000e6200000, 0x00000000e6200000| Untracked 
|  99|0x00000000e6300000, 0x00000000e6300000, 0x00000000e6400000|  0%| F|  |TAMS 0x00000000e6300000, 0x00000000e6300000| Untracked 
| 100|0x00000000e6400000, 0x00000000e6400000, 0x00000000e6500000|  0%| F|  |TAMS 0x00000000e6400000, 0x00000000e6400000| Untracked 
| 101|0x00000000e6500000, 0x00000000e6500000, 0x00000000e6600000|  0%| F|  |TAMS 0x00000000e6500000, 0x00000000e6500000| Untracked 
| 102|0x00000000e6600000, 0x00000000e6600000, 0x00000000e6700000|  0%| F|  |TAMS 0x00000000e6600000, 0x00000000e6600000| Untracked 
| 103|0x00000000e6700000, 0x00000000e6700000, 0x00000000e6800000|  0%| F|  |TAMS 0x00000000e6700000, 0x00000000e6700000| Untracked 
| 104|0x00000000e6800000, 0x00000000e684a668, 0x00000000e6900000| 29%| S|CS|TAMS 0x00000000e6800000, 0x00000000e6800000| Complete 
| 105|0x00000000e6900000, 0x00000000e6a00000, 0x00000000e6a00000|100%| S|CS|TAMS 0x00000000e6900000, 0x00000000e6900000| Complete 
| 106|0x00000000e6a00000, 0x00000000e6b00000, 0x00000000e6b00000|100%| S|CS|TAMS 0x00000000e6a00000, 0x00000000e6a00000| Complete 
| 107|0x00000000e6b00000, 0x00000000e6c00000, 0x00000000e6c00000|100%| S|CS|TAMS 0x00000000e6b00000, 0x00000000e6b00000| Complete 
| 108|0x00000000e6c00000, 0x00000000e6d00000, 0x00000000e6d00000|100%| S|CS|TAMS 0x00000000e6c00000, 0x00000000e6c00000| Complete 
| 109|0x00000000e6d00000, 0x00000000e6e00000, 0x00000000e6e00000|100%| S|CS|TAMS 0x00000000e6d00000, 0x00000000e6d00000| Complete 
| 110|0x00000000e6e00000, 0x00000000e6f00000, 0x00000000e6f00000|100%| S|CS|TAMS 0x00000000e6e00000, 0x00000000e6e00000| Complete 
| 111|0x00000000e6f00000, 0x00000000e7000000, 0x00000000e7000000|100%| S|CS|TAMS 0x00000000e6f00000, 0x00000000e6f00000| Complete 
| 112|0x00000000e7000000, 0x00000000e7100000, 0x00000000e7100000|100%| S|CS|TAMS 0x00000000e7000000, 0x00000000e7000000| Complete 
| 113|0x00000000e7100000, 0x00000000e7200000, 0x00000000e7200000|100%| S|CS|TAMS 0x00000000e7100000, 0x00000000e7100000| Complete 
| 114|0x00000000e7200000, 0x00000000e7300000, 0x00000000e7300000|100%| S|CS|TAMS 0x00000000e7200000, 0x00000000e7200000| Complete 
| 115|0x00000000e7300000, 0x00000000e7400000, 0x00000000e7400000|100%| S|CS|TAMS 0x00000000e7300000, 0x00000000e7300000| Complete 
| 116|0x00000000e7400000, 0x00000000e7400000, 0x00000000e7500000|  0%| F|  |TAMS 0x00000000e7400000, 0x00000000e7400000| Untracked 
| 117|0x00000000e7500000, 0x00000000e7500000, 0x00000000e7600000|  0%| F|  |TAMS 0x00000000e7500000, 0x00000000e7500000| Untracked 
| 118|0x00000000e7600000, 0x00000000e7600000, 0x00000000e7700000|  0%| F|  |TAMS 0x00000000e7600000, 0x00000000e7600000| Untracked 
| 119|0x00000000e7700000, 0x00000000e7700000, 0x00000000e7800000|  0%| F|  |TAMS 0x00000000e7700000, 0x00000000e7700000| Untracked 
| 120|0x00000000e7800000, 0x00000000e7800000, 0x00000000e7900000|  0%| F|  |TAMS 0x00000000e7800000, 0x00000000e7800000| Untracked 
| 121|0x00000000e7900000, 0x00000000e7900000, 0x00000000e7a00000|  0%| F|  |TAMS 0x00000000e7900000, 0x00000000e7900000| Untracked 
| 122|0x00000000e7a00000, 0x00000000e7a00000, 0x00000000e7b00000|  0%| F|  |TAMS 0x00000000e7a00000, 0x00000000e7a00000| Untracked 
| 123|0x00000000e7b00000, 0x00000000e7b00000, 0x00000000e7c00000|  0%| F|  |TAMS 0x00000000e7b00000, 0x00000000e7b00000| Untracked 
| 124|0x00000000e7c00000, 0x00000000e7c00000, 0x00000000e7d00000|  0%| F|  |TAMS 0x00000000e7c00000, 0x00000000e7c00000| Untracked 
| 125|0x00000000e7d00000, 0x00000000e7d00000, 0x00000000e7e00000|  0%| F|  |TAMS 0x00000000e7d00000, 0x00000000e7d00000| Untracked 
| 126|0x00000000e7e00000, 0x00000000e7e00000, 0x00000000e7f00000|  0%| F|  |TAMS 0x00000000e7e00000, 0x00000000e7e00000| Untracked 
| 127|0x00000000e7f00000, 0x00000000e7f00000, 0x00000000e8000000|  0%| F|  |TAMS 0x00000000e7f00000, 0x00000000e7f00000| Untracked 
| 128|0x00000000e8000000, 0x00000000e8000000, 0x00000000e8100000|  0%| F|  |TAMS 0x00000000e8000000, 0x00000000e8000000| Untracked 
| 129|0x00000000e8100000, 0x00000000e8100000, 0x00000000e8200000|  0%| F|  |TAMS 0x00000000e8100000, 0x00000000e8100000| Untracked 
| 130|0x00000000e8200000, 0x00000000e8200000, 0x00000000e8300000|  0%| F|  |TAMS 0x00000000e8200000, 0x00000000e8200000| Untracked 
| 131|0x00000000e8300000, 0x00000000e8300000, 0x00000000e8400000|  0%| F|  |TAMS 0x00000000e8300000, 0x00000000e8300000| Untracked 
| 132|0x00000000e8400000, 0x00000000e8400000, 0x00000000e8500000|  0%| F|  |TAMS 0x00000000e8400000, 0x00000000e8400000| Untracked 
| 133|0x00000000e8500000, 0x00000000e8500000, 0x00000000e8600000|  0%| F|  |TAMS 0x00000000e8500000, 0x00000000e8500000| Untracked 
| 134|0x00000000e8600000, 0x00000000e8600000, 0x00000000e8700000|  0%| F|  |TAMS 0x00000000e8600000, 0x00000000e8600000| Untracked 
| 135|0x00000000e8700000, 0x00000000e8700000, 0x00000000e8800000|  0%| F|  |TAMS 0x00000000e8700000, 0x00000000e8700000| Untracked 
| 136|0x00000000e8800000, 0x00000000e8800000, 0x00000000e8900000|  0%| F|  |TAMS 0x00000000e8800000, 0x00000000e8800000| Untracked 
| 137|0x00000000e8900000, 0x00000000e8900000, 0x00000000e8a00000|  0%| F|  |TAMS 0x00000000e8900000, 0x00000000e8900000| Untracked 
| 138|0x00000000e8a00000, 0x00000000e8a00000, 0x00000000e8b00000|  0%| F|  |TAMS 0x00000000e8a00000, 0x00000000e8a00000| Untracked 
| 139|0x00000000e8b00000, 0x00000000e8b00000, 0x00000000e8c00000|  0%| F|  |TAMS 0x00000000e8b00000, 0x00000000e8b00000| Untracked 
| 140|0x00000000e8c00000, 0x00000000e8c00000, 0x00000000e8d00000|  0%| F|  |TAMS 0x00000000e8c00000, 0x00000000e8c00000| Untracked 
| 141|0x00000000e8d00000, 0x00000000e8d00000, 0x00000000e8e00000|  0%| F|  |TAMS 0x00000000e8d00000, 0x00000000e8d00000| Untracked 
| 142|0x00000000e8e00000, 0x00000000e8e00000, 0x00000000e8f00000|  0%| F|  |TAMS 0x00000000e8e00000, 0x00000000e8e00000| Untracked 
| 143|0x00000000e8f00000, 0x00000000e8f00000, 0x00000000e9000000|  0%| F|  |TAMS 0x00000000e8f00000, 0x00000000e8f00000| Untracked 
| 144|0x00000000e9000000, 0x00000000e9000000, 0x00000000e9100000|  0%| F|  |TAMS 0x00000000e9000000, 0x00000000e9000000| Untracked 
| 145|0x00000000e9100000, 0x00000000e9100000, 0x00000000e9200000|  0%| F|  |TAMS 0x00000000e9100000, 0x00000000e9100000| Untracked 
| 146|0x00000000e9200000, 0x00000000e9200000, 0x00000000e9300000|  0%| F|  |TAMS 0x00000000e9200000, 0x00000000e9200000| Untracked 
| 147|0x00000000e9300000, 0x00000000e9300000, 0x00000000e9400000|  0%| F|  |TAMS 0x00000000e9300000, 0x00000000e9300000| Untracked 
| 148|0x00000000e9400000, 0x00000000e9400000, 0x00000000e9500000|  0%| F|  |TAMS 0x00000000e9400000, 0x00000000e9400000| Untracked 
| 149|0x00000000e9500000, 0x00000000e9500000, 0x00000000e9600000|  0%| F|  |TAMS 0x00000000e9500000, 0x00000000e9500000| Untracked 
| 150|0x00000000e9600000, 0x00000000e9600000, 0x00000000e9700000|  0%| F|  |TAMS 0x00000000e9600000, 0x00000000e9600000| Untracked 
| 151|0x00000000e9700000, 0x00000000e9700000, 0x00000000e9800000|  0%| F|  |TAMS 0x00000000e9700000, 0x00000000e9700000| Untracked 
| 152|0x00000000e9800000, 0x00000000e9800000, 0x00000000e9900000|  0%| F|  |TAMS 0x00000000e9800000, 0x00000000e9800000| Untracked 
| 153|0x00000000e9900000, 0x00000000e9900000, 0x00000000e9a00000|  0%| F|  |TAMS 0x00000000e9900000, 0x00000000e9900000| Untracked 
| 154|0x00000000e9a00000, 0x00000000e9a00000, 0x00000000e9b00000|  0%| F|  |TAMS 0x00000000e9a00000, 0x00000000e9a00000| Untracked 
| 155|0x00000000e9b00000, 0x00000000e9b00000, 0x00000000e9c00000|  0%| F|  |TAMS 0x00000000e9b00000, 0x00000000e9b00000| Untracked 
| 156|0x00000000e9c00000, 0x00000000e9c00000, 0x00000000e9d00000|  0%| F|  |TAMS 0x00000000e9c00000, 0x00000000e9c00000| Untracked 
| 157|0x00000000e9d00000, 0x00000000e9d00000, 0x00000000e9e00000|  0%| F|  |TAMS 0x00000000e9d00000, 0x00000000e9d00000| Untracked 
| 158|0x00000000e9e00000, 0x00000000e9e00000, 0x00000000e9f00000|  0%| F|  |TAMS 0x00000000e9e00000, 0x00000000e9e00000| Untracked 
| 159|0x00000000e9f00000, 0x00000000e9f00000, 0x00000000ea000000|  0%| F|  |TAMS 0x00000000e9f00000, 0x00000000e9f00000| Untracked 
| 160|0x00000000ea000000, 0x00000000ea000000, 0x00000000ea100000|  0%| F|  |TAMS 0x00000000ea000000, 0x00000000ea000000| Untracked 
| 161|0x00000000ea100000, 0x00000000ea100000, 0x00000000ea200000|  0%| F|  |TAMS 0x00000000ea100000, 0x00000000ea100000| Untracked 
| 162|0x00000000ea200000, 0x00000000ea200000, 0x00000000ea300000|  0%| F|  |TAMS 0x00000000ea200000, 0x00000000ea200000| Untracked 
| 163|0x00000000ea300000, 0x00000000ea300000, 0x00000000ea400000|  0%| F|  |TAMS 0x00000000ea300000, 0x00000000ea300000| Untracked 
| 164|0x00000000ea400000, 0x00000000ea400000, 0x00000000ea500000|  0%| F|  |TAMS 0x00000000ea400000, 0x00000000ea400000| Untracked 
| 165|0x00000000ea500000, 0x00000000ea500000, 0x00000000ea600000|  0%| F|  |TAMS 0x00000000ea500000, 0x00000000ea500000| Untracked 
| 166|0x00000000ea600000, 0x00000000ea600000, 0x00000000ea700000|  0%| F|  |TAMS 0x00000000ea600000, 0x00000000ea600000| Untracked 
| 167|0x00000000ea700000, 0x00000000ea700000, 0x00000000ea800000|  0%| F|  |TAMS 0x00000000ea700000, 0x00000000ea700000| Untracked 
| 168|0x00000000ea800000, 0x00000000ea800000, 0x00000000ea900000|  0%| F|  |TAMS 0x00000000ea800000, 0x00000000ea800000| Untracked 
| 169|0x00000000ea900000, 0x00000000ea900000, 0x00000000eaa00000|  0%| F|  |TAMS 0x00000000ea900000, 0x00000000ea900000| Untracked 
| 170|0x00000000eaa00000, 0x00000000eaa00000, 0x00000000eab00000|  0%| F|  |TAMS 0x00000000eaa00000, 0x00000000eaa00000| Untracked 
| 171|0x00000000eab00000, 0x00000000eab00000, 0x00000000eac00000|  0%| F|  |TAMS 0x00000000eab00000, 0x00000000eab00000| Untracked 
| 172|0x00000000eac00000, 0x00000000eac00000, 0x00000000ead00000|  0%| F|  |TAMS 0x00000000eac00000, 0x00000000eac00000| Untracked 
| 173|0x00000000ead00000, 0x00000000ead00000, 0x00000000eae00000|  0%| F|  |TAMS 0x00000000ead00000, 0x00000000ead00000| Untracked 
| 174|0x00000000eae00000, 0x00000000eae00000, 0x00000000eaf00000|  0%| F|  |TAMS 0x00000000eae00000, 0x00000000eae00000| Untracked 
| 175|0x00000000eaf00000, 0x00000000eaf00000, 0x00000000eb000000|  0%| F|  |TAMS 0x00000000eaf00000, 0x00000000eaf00000| Untracked 
| 176|0x00000000eb000000, 0x00000000eb000000, 0x00000000eb100000|  0%| F|  |TAMS 0x00000000eb000000, 0x00000000eb000000| Untracked 
| 177|0x00000000eb100000, 0x00000000eb100000, 0x00000000eb200000|  0%| F|  |TAMS 0x00000000eb100000, 0x00000000eb100000| Untracked 
| 178|0x00000000eb200000, 0x00000000eb200000, 0x00000000eb300000|  0%| F|  |TAMS 0x00000000eb200000, 0x00000000eb200000| Untracked 
| 179|0x00000000eb300000, 0x00000000eb300000, 0x00000000eb400000|  0%| F|  |TAMS 0x00000000eb300000, 0x00000000eb300000| Untracked 
| 180|0x00000000eb400000, 0x00000000eb400000, 0x00000000eb500000|  0%| F|  |TAMS 0x00000000eb400000, 0x00000000eb400000| Untracked 
| 181|0x00000000eb500000, 0x00000000eb500000, 0x00000000eb600000|  0%| F|  |TAMS 0x00000000eb500000, 0x00000000eb500000| Untracked 
| 182|0x00000000eb600000, 0x00000000eb600000, 0x00000000eb700000|  0%| F|  |TAMS 0x00000000eb600000, 0x00000000eb600000| Untracked 
| 183|0x00000000eb700000, 0x00000000eb700000, 0x00000000eb800000|  0%| F|  |TAMS 0x00000000eb700000, 0x00000000eb700000| Untracked 
| 184|0x00000000eb800000, 0x00000000eb800000, 0x00000000eb900000|  0%| F|  |TAMS 0x00000000eb800000, 0x00000000eb800000| Untracked 
| 185|0x00000000eb900000, 0x00000000eb900000, 0x00000000eba00000|  0%| F|  |TAMS 0x00000000eb900000, 0x00000000eb900000| Untracked 
| 186|0x00000000eba00000, 0x00000000eba00000, 0x00000000ebb00000|  0%| F|  |TAMS 0x00000000eba00000, 0x00000000eba00000| Untracked 
| 187|0x00000000ebb00000, 0x00000000ebb00000, 0x00000000ebc00000|  0%| F|  |TAMS 0x00000000ebb00000, 0x00000000ebb00000| Untracked 
| 188|0x00000000ebc00000, 0x00000000ebc00000, 0x00000000ebd00000|  0%| F|  |TAMS 0x00000000ebc00000, 0x00000000ebc00000| Untracked 
| 189|0x00000000ebd00000, 0x00000000ebd00000, 0x00000000ebe00000|  0%| F|  |TAMS 0x00000000ebd00000, 0x00000000ebd00000| Untracked 
| 190|0x00000000ebe00000, 0x00000000ebe00000, 0x00000000ebf00000|  0%| F|  |TAMS 0x00000000ebe00000, 0x00000000ebe00000| Untracked 
| 191|0x00000000ebf00000, 0x00000000ebf00000, 0x00000000ec000000|  0%| F|  |TAMS 0x00000000ebf00000, 0x00000000ebf00000| Untracked 
| 192|0x00000000ec000000, 0x00000000ec000000, 0x00000000ec100000|  0%| F|  |TAMS 0x00000000ec000000, 0x00000000ec000000| Untracked 
| 193|0x00000000ec100000, 0x00000000ec100000, 0x00000000ec200000|  0%| F|  |TAMS 0x00000000ec100000, 0x00000000ec100000| Untracked 
| 194|0x00000000ec200000, 0x00000000ec200000, 0x00000000ec300000|  0%| F|  |TAMS 0x00000000ec200000, 0x00000000ec200000| Untracked 
| 195|0x00000000ec300000, 0x00000000ec300000, 0x00000000ec400000|  0%| F|  |TAMS 0x00000000ec300000, 0x00000000ec300000| Untracked 
| 196|0x00000000ec400000, 0x00000000ec400000, 0x00000000ec500000|  0%| F|  |TAMS 0x00000000ec400000, 0x00000000ec400000| Untracked 
| 197|0x00000000ec500000, 0x00000000ec500000, 0x00000000ec600000|  0%| F|  |TAMS 0x00000000ec500000, 0x00000000ec500000| Untracked 
| 198|0x00000000ec600000, 0x00000000ec600000, 0x00000000ec700000|  0%| F|  |TAMS 0x00000000ec600000, 0x00000000ec600000| Untracked 
| 199|0x00000000ec700000, 0x00000000ec700000, 0x00000000ec800000|  0%| F|  |TAMS 0x00000000ec700000, 0x00000000ec700000| Untracked 
| 200|0x00000000ec800000, 0x00000000ec800000, 0x00000000ec900000|  0%| F|  |TAMS 0x00000000ec800000, 0x00000000ec800000| Untracked 
| 201|0x00000000ec900000, 0x00000000ec900000, 0x00000000eca00000|  0%| F|  |TAMS 0x00000000ec900000, 0x00000000ec900000| Untracked 
| 202|0x00000000eca00000, 0x00000000eca00000, 0x00000000ecb00000|  0%| F|  |TAMS 0x00000000eca00000, 0x00000000eca00000| Untracked 
| 203|0x00000000ecb00000, 0x00000000ecb00000, 0x00000000ecc00000|  0%| F|  |TAMS 0x00000000ecb00000, 0x00000000ecb00000| Untracked 
| 204|0x00000000ecc00000, 0x00000000ecc00000, 0x00000000ecd00000|  0%| F|  |TAMS 0x00000000ecc00000, 0x00000000ecc00000| Untracked 
| 205|0x00000000ecd00000, 0x00000000ecd00000, 0x00000000ece00000|  0%| F|  |TAMS 0x00000000ecd00000, 0x00000000ecd00000| Untracked 
| 206|0x00000000ece00000, 0x00000000ece00000, 0x00000000ecf00000|  0%| F|  |TAMS 0x00000000ece00000, 0x00000000ece00000| Untracked 
| 207|0x00000000ecf00000, 0x00000000ecf00000, 0x00000000ed000000|  0%| F|  |TAMS 0x00000000ecf00000, 0x00000000ecf00000| Untracked 
| 208|0x00000000ed000000, 0x00000000ed000000, 0x00000000ed100000|  0%| F|  |TAMS 0x00000000ed000000, 0x00000000ed000000| Untracked 
| 209|0x00000000ed100000, 0x00000000ed100000, 0x00000000ed200000|  0%| F|  |TAMS 0x00000000ed100000, 0x00000000ed100000| Untracked 
| 210|0x00000000ed200000, 0x00000000ed200000, 0x00000000ed300000|  0%| F|  |TAMS 0x00000000ed200000, 0x00000000ed200000| Untracked 
| 211|0x00000000ed300000, 0x00000000ed300000, 0x00000000ed400000|  0%| F|  |TAMS 0x00000000ed300000, 0x00000000ed300000| Untracked 
| 212|0x00000000ed400000, 0x00000000ed400000, 0x00000000ed500000|  0%| F|  |TAMS 0x00000000ed400000, 0x00000000ed400000| Untracked 
| 213|0x00000000ed500000, 0x00000000ed500000, 0x00000000ed600000|  0%| F|  |TAMS 0x00000000ed500000, 0x00000000ed500000| Untracked 
| 214|0x00000000ed600000, 0x00000000ed600000, 0x00000000ed700000|  0%| F|  |TAMS 0x00000000ed600000, 0x00000000ed600000| Untracked 
| 215|0x00000000ed700000, 0x00000000ed700000, 0x00000000ed800000|  0%| F|  |TAMS 0x00000000ed700000, 0x00000000ed700000| Untracked 
| 216|0x00000000ed800000, 0x00000000ed800000, 0x00000000ed900000|  0%| F|  |TAMS 0x00000000ed800000, 0x00000000ed800000| Untracked 
| 217|0x00000000ed900000, 0x00000000ed900000, 0x00000000eda00000|  0%| F|  |TAMS 0x00000000ed900000, 0x00000000ed900000| Untracked 
| 218|0x00000000eda00000, 0x00000000eda00000, 0x00000000edb00000|  0%| F|  |TAMS 0x00000000eda00000, 0x00000000eda00000| Untracked 
| 219|0x00000000edb00000, 0x00000000edb00000, 0x00000000edc00000|  0%| F|  |TAMS 0x00000000edb00000, 0x00000000edb00000| Untracked 
| 220|0x00000000edc00000, 0x00000000edc00000, 0x00000000edd00000|  0%| F|  |TAMS 0x00000000edc00000, 0x00000000edc00000| Untracked 
| 221|0x00000000edd00000, 0x00000000edd00000, 0x00000000ede00000|  0%| F|  |TAMS 0x00000000edd00000, 0x00000000edd00000| Untracked 
| 222|0x00000000ede00000, 0x00000000ede00000, 0x00000000edf00000|  0%| F|  |TAMS 0x00000000ede00000, 0x00000000ede00000| Untracked 
| 223|0x00000000edf00000, 0x00000000edf00000, 0x00000000ee000000|  0%| F|  |TAMS 0x00000000edf00000, 0x00000000edf00000| Untracked 
| 224|0x00000000ee000000, 0x00000000ee000000, 0x00000000ee100000|  0%| F|  |TAMS 0x00000000ee000000, 0x00000000ee000000| Untracked 
| 225|0x00000000ee100000, 0x00000000ee100000, 0x00000000ee200000|  0%| F|  |TAMS 0x00000000ee100000, 0x00000000ee100000| Untracked 
| 226|0x00000000ee200000, 0x00000000ee200000, 0x00000000ee300000|  0%| F|  |TAMS 0x00000000ee200000, 0x00000000ee200000| Untracked 
| 227|0x00000000ee300000, 0x00000000ee300000, 0x00000000ee400000|  0%| F|  |TAMS 0x00000000ee300000, 0x00000000ee300000| Untracked 
| 228|0x00000000ee400000, 0x00000000ee400000, 0x00000000ee500000|  0%| F|  |TAMS 0x00000000ee400000, 0x00000000ee400000| Untracked 
| 229|0x00000000ee500000, 0x00000000ee500000, 0x00000000ee600000|  0%| F|  |TAMS 0x00000000ee500000, 0x00000000ee500000| Untracked 
| 230|0x00000000ee600000, 0x00000000ee600000, 0x00000000ee700000|  0%| F|  |TAMS 0x00000000ee600000, 0x00000000ee600000| Untracked 
| 231|0x00000000ee700000, 0x00000000ee700000, 0x00000000ee800000|  0%| F|  |TAMS 0x00000000ee700000, 0x00000000ee700000| Untracked 
| 232|0x00000000ee800000, 0x00000000ee800000, 0x00000000ee900000|  0%| F|  |TAMS 0x00000000ee800000, 0x00000000ee800000| Untracked 
| 233|0x00000000ee900000, 0x00000000ee900000, 0x00000000eea00000|  0%| F|  |TAMS 0x00000000ee900000, 0x00000000ee900000| Untracked 
| 234|0x00000000eea00000, 0x00000000eea00000, 0x00000000eeb00000|  0%| F|  |TAMS 0x00000000eea00000, 0x00000000eea00000| Untracked 
| 235|0x00000000eeb00000, 0x00000000eeb00000, 0x00000000eec00000|  0%| F|  |TAMS 0x00000000eeb00000, 0x00000000eeb00000| Untracked 
| 236|0x00000000eec00000, 0x00000000eec00000, 0x00000000eed00000|  0%| F|  |TAMS 0x00000000eec00000, 0x00000000eec00000| Untracked 
| 237|0x00000000eed00000, 0x00000000eed00000, 0x00000000eee00000|  0%| F|  |TAMS 0x00000000eed00000, 0x00000000eed00000| Untracked 
| 238|0x00000000eee00000, 0x00000000eee00000, 0x00000000eef00000|  0%| F|  |TAMS 0x00000000eee00000, 0x00000000eee00000| Untracked 
| 239|0x00000000eef00000, 0x00000000eef00000, 0x00000000ef000000|  0%| F|  |TAMS 0x00000000eef00000, 0x00000000eef00000| Untracked 
| 240|0x00000000ef000000, 0x00000000ef000000, 0x00000000ef100000|  0%| F|  |TAMS 0x00000000ef000000, 0x00000000ef000000| Untracked 
| 241|0x00000000ef100000, 0x00000000ef1d04c8, 0x00000000ef200000| 81%| E|  |TAMS 0x00000000ef100000, 0x00000000ef100000| Complete 
| 242|0x00000000ef200000, 0x00000000ef300000, 0x00000000ef300000|100%| E|CS|TAMS 0x00000000ef200000, 0x00000000ef200000| Complete 
| 243|0x00000000ef300000, 0x00000000ef400000, 0x00000000ef400000|100%| E|CS|TAMS 0x00000000ef300000, 0x00000000ef300000| Complete 
| 244|0x00000000ef400000, 0x00000000ef500000, 0x00000000ef500000|100%| E|CS|TAMS 0x00000000ef400000, 0x00000000ef400000| Complete 
| 245|0x00000000ef500000, 0x00000000ef600000, 0x00000000ef600000|100%| E|CS|TAMS 0x00000000ef500000, 0x00000000ef500000| Complete 
| 246|0x00000000ef600000, 0x00000000ef700000, 0x00000000ef700000|100%| E|CS|TAMS 0x00000000ef600000, 0x00000000ef600000| Complete 
| 247|0x00000000ef700000, 0x00000000ef800000, 0x00000000ef800000|100%| E|CS|TAMS 0x00000000ef700000, 0x00000000ef700000| Complete 
| 248|0x00000000ef800000, 0x00000000ef900000, 0x00000000ef900000|100%| E|CS|TAMS 0x00000000ef800000, 0x00000000ef800000| Complete 
| 249|0x00000000ef900000, 0x00000000efa00000, 0x00000000efa00000|100%| E|CS|TAMS 0x00000000ef900000, 0x00000000ef900000| Complete 
| 250|0x00000000efa00000, 0x00000000efb00000, 0x00000000efb00000|100%| E|CS|TAMS 0x00000000efa00000, 0x00000000efa00000| Complete 
| 251|0x00000000efb00000, 0x00000000efc00000, 0x00000000efc00000|100%| E|CS|TAMS 0x00000000efb00000, 0x00000000efb00000| Complete 
| 252|0x00000000efc00000, 0x00000000efd00000, 0x00000000efd00000|100%| E|CS|TAMS 0x00000000efc00000, 0x00000000efc00000| Complete 
| 253|0x00000000efd00000, 0x00000000efe00000, 0x00000000efe00000|100%| E|CS|TAMS 0x00000000efd00000, 0x00000000efd00000| Complete 
| 254|0x00000000efe00000, 0x00000000eff00000, 0x00000000eff00000|100%| E|CS|TAMS 0x00000000efe00000, 0x00000000efe00000| Complete 
| 255|0x00000000eff00000, 0x00000000f0000000, 0x00000000f0000000|100%| E|CS|TAMS 0x00000000eff00000, 0x00000000eff00000| Complete 

Card table byte_map: [0x0000015545fb0000,0x00000155460b0000] _byte_map_base: 0x00000155458b0000

Marking Bits (Prev, Next): (CMBitMap*) 0x000001552d19a390, (CMBitMap*) 0x000001552d19a3d0
 Prev Bits: [0x00000155461b0000, 0x00000155469b0000)
 Next Bits: [0x00000155469b0000, 0x00000155471b0000)

Polling page: 0x000001552d250000

Metaspace:

Usage:
  Non-class:     49.61 MB used.
      Class:      7.94 MB used.
       Both:     57.55 MB used.

Virtual space:
  Non-class space:       56.00 MB reserved,      49.94 MB ( 89%) committed,  7 nodes.
      Class space:      208.00 MB reserved,       8.25 MB (  4%) committed,  1 nodes.
             Both:      264.00 MB reserved,      58.19 MB ( 22%) committed. 

Chunk freelists:
   Non-Class:  1.77 MB
       Class:  3.79 MB
        Both:  5.56 MB

MaxMetaspaceSize: 256.00 MB
CompressedClassSpaceSize: 208.00 MB
Initial GC threshold: 21.00 MB
Current GC threshold: 59.63 MB
CDS: on
MetaspaceReclaimPolicy: balanced
 - commit_granule_bytes: 65536.
 - commit_granule_words: 8192.
 - virtual_space_node_default_size: 1048576.
 - enlarge_chunks_in_place: 1.
 - new_chunks_are_fully_committed: 0.
 - uncommit_free_chunks: 1.
 - use_allocation_guard: 0.
 - handle_deallocations: 1.


Internal statistics:

num_allocs_failed_limit: 9.
num_arena_births: 776.
num_arena_deaths: 0.
num_vsnodes_births: 8.
num_vsnodes_deaths: 0.
num_space_committed: 931.
num_space_uncommitted: 0.
num_chunks_returned_to_freelist: 9.
num_chunks_taken_from_freelist: 3242.
num_chunk_merges: 9.
num_chunk_splits: 2058.
num_chunks_enlarged: 1274.
num_purges: 0.
num_inconsistent_stats: 0.

CodeHeap 'non-profiled nmethods': size=120000Kb used=4301Kb max_used=4301Kb free=115698Kb
 bounds [0x000001553df20000, 0x000001553e360000, 0x0000015545450000]
CodeHeap 'profiled nmethods': size=120000Kb used=16633Kb max_used=16633Kb free=103366Kb
 bounds [0x00000155369f0000, 0x0000015537a30000, 0x000001553df20000]
CodeHeap 'non-nmethods': size=5760Kb used=2339Kb max_used=2424Kb free=3420Kb
 bounds [0x0000015536450000, 0x00000155366e0000, 0x00000155369f0000]
 total_blobs=9329 nmethods=8469 adapters=772
 compilation: enabled
              stopped_count=0, restarted_count=0
 full_count=0

Compilation events (20 events):
Event: 158.680 Thread 0x0000015549bf83c0 9339       3       java.nio.ByteBuffer::put (69 bytes)
Event: 158.680 Thread 0x0000015549bf83c0 nmethod 9339 0x0000015537a2a390 code [0x0000015537a2a5a0, 0x0000015537a2ac18]
Event: 158.680 Thread 0x0000015549bf83c0 9333   !   3       sun.nio.ch.SocketChannelImpl::beginWrite (52 bytes)
Event: 158.680 Thread 0x0000015549bf83c0 nmethod 9333 0x0000015537a2ae90 code [0x0000015537a2b0a0, 0x0000015537a2b6e8]
Event: 158.680 Thread 0x0000015549bf83c0 9334       3       sun.nio.ch.IOUtil::write (12 bytes)
Event: 158.680 Thread 0x0000015549bf83c0 nmethod 9334 0x0000015537a2ba90 code [0x0000015537a2bc20, 0x0000015537a2bd48]
Event: 158.680 Thread 0x0000015549bf83c0 9335       3       sun.nio.ch.SocketDispatcher::write (8 bytes)
Event: 158.681 Thread 0x0000015549bf83c0 nmethod 9335 0x0000015537a2be10 code [0x0000015537a2bfa0, 0x0000015537a2c0e8]
Event: 158.681 Thread 0x0000015549bf83c0 9337   !   3       sun.nio.ch.SocketChannelImpl::endWrite (46 bytes)
Event: 158.681 Thread 0x0000015549bf83c0 nmethod 9337 0x0000015537a2c190 code [0x0000015537a2c360, 0x0000015537a2c6f8]
Event: 158.681 Thread 0x0000015549bf83c0 9341       3       org.gradle.internal.io.BufferCaster::cast (2 bytes)
Event: 158.681 Thread 0x0000015549bf83c0 nmethod 9341 0x0000015537a2c890 code [0x0000015537a2ca20, 0x0000015537a2cb18]
Event: 158.681 Thread 0x0000015549bf83c0 9338   !   3       org.gradle.internal.remote.internal.inet.SocketConnection::flush (46 bytes)
Event: 158.681 Thread 0x0000015549bf83c0 nmethod 9338 0x0000015537a2cb90 code [0x0000015537a2ce20, 0x0000015537a2db38]
Event: 161.401 Thread 0x0000015549bf1560 9342  s    4       java.io.BufferedInputStream::read (113 bytes)
Event: 161.402 Thread 0x0000015549bf83c0 9343   !   3       java.nio.channels.spi.AbstractInterruptibleChannel::close (37 bytes)
Event: 161.402 Thread 0x0000015549bf83c0 nmethod 9343 0x0000015537a2e010 code [0x0000015537a2e1c0, 0x0000015537a2e528]
Event: 161.406 Thread 0x0000015549bf1560 nmethod 9342 0x000001553e351d10 code [0x000001553e351ec0, 0x000001553e352878]
Event: 161.539 Thread 0x0000015549bf1560 9344       4       java.util.concurrent.ConcurrentLinkedQueue::poll (84 bytes)
Event: 161.545 Thread 0x0000015549bf1560 nmethod 9344 0x000001553e352d90 code [0x000001553e352f20, 0x000001553e3534b8]

GC Heap History (18 events):
Event: 0.558 GC heap before
{Heap before GC invocations=0 (full 0):
 garbage-first heap   total 262144K, used 28672K [0x00000000e0000000, 0x0000000100000000)
  region size 1024K, 23 young (23552K), 0 survivors (0K)
 Metaspace       used 2987K, committed 3136K, reserved 221184K
  class space    used 381K, committed 448K, reserved 212992K
}
Event: 0.562 GC heap after
{Heap after GC invocations=1 (full 0):
 garbage-first heap   total 262144K, used 8948K [0x00000000e0000000, 0x0000000100000000)
  region size 1024K, 3 young (3072K), 3 survivors (3072K)
 Metaspace       used 2987K, committed 3136K, reserved 221184K
  class space    used 381K, committed 448K, reserved 212992K
}
Event: 0.863 GC heap before
{Heap before GC invocations=1 (full 0):
 garbage-first heap   total 262144K, used 39668K [0x00000000e0000000, 0x0000000100000000)
  region size 1024K, 32 young (32768K), 3 survivors (3072K)
 Metaspace       used 3904K, committed 4096K, reserved 221184K
  class space    used 478K, committed 576K, reserved 212992K
}
Event: 0.867 GC heap after
{Heap after GC invocations=2 (full 0):
 garbage-first heap   total 262144K, used 13694K [0x00000000e0000000, 0x0000000100000000)
  region size 1024K, 4 young (4096K), 4 survivors (4096K)
 Metaspace       used 3904K, committed 4096K, reserved 221184K
  class space    used 478K, committed 576K, reserved 212992K
}
Event: 2.636 GC heap before
{Heap before GC invocations=2 (full 0):
 garbage-first heap   total 262144K, used 111998K [0x00000000e0000000, 0x0000000100000000)
  region size 1024K, 101 young (103424K), 4 survivors (4096K)
 Metaspace       used 21245K, committed 21504K, reserved 237568K
  class space    used 3178K, committed 3328K, reserved 212992K
}
Event: 2.645 GC heap after
{Heap after GC invocations=3 (full 0):
 garbage-first heap   total 262144K, used 20798K [0x00000000e0000000, 0x0000000100000000)
  region size 1024K, 11 young (11264K), 11 survivors (11264K)
 Metaspace       used 21245K, committed 21504K, reserved 237568K
  class space    used 3178K, committed 3328K, reserved 212992K
}
Event: 4.060 GC heap before
{Heap before GC invocations=4 (full 0):
 garbage-first heap   total 262144K, used 123198K [0x00000000e0000000, 0x0000000100000000)
  region size 1024K, 109 young (111616K), 11 survivors (11264K)
 Metaspace       used 35682K, committed 35968K, reserved 245760K
  class space    used 4928K, committed 5056K, reserved 212992K
}
Event: 4.076 GC heap after
{Heap after GC invocations=5 (full 0):
 garbage-first heap   total 262144K, used 29411K [0x00000000e0000000, 0x0000000100000000)
  region size 1024K, 16 young (16384K), 16 survivors (16384K)
 Metaspace       used 35682K, committed 35968K, reserved 245760K
  class space    used 4928K, committed 5056K, reserved 212992K
}
Event: 4.090 GC heap before
{Heap before GC invocations=5 (full 0):
 garbage-first heap   total 262144K, used 30435K [0x00000000e0000000, 0x0000000100000000)
  region size 1024K, 17 young (17408K), 16 survivors (16384K)
 Metaspace       used 35789K, committed 36160K, reserved 245760K
  class space    used 4950K, committed 5120K, reserved 212992K
}
Event: 4.103 GC heap after
{Heap after GC invocations=6 (full 0):
 garbage-first heap   total 262144K, used 29480K [0x00000000e0000000, 0x0000000100000000)
  region size 1024K, 2 young (2048K), 2 survivors (2048K)
 Metaspace       used 35789K, committed 36160K, reserved 245760K
  class space    used 4950K, committed 5120K, reserved 212992K
}
Event: 4.123 GC heap before
{Heap before GC invocations=6 (full 0):
 garbage-first heap   total 262144K, used 30504K [0x00000000e0000000, 0x0000000100000000)
  region size 1024K, 4 young (4096K), 2 survivors (2048K)
 Metaspace       used 35991K, committed 36288K, reserved 245760K
  class space    used 4977K, committed 5120K, reserved 212992K
}
Event: 4.124 GC heap after
{Heap after GC invocations=7 (full 0):
 garbage-first heap   total 262144K, used 28536K [0x00000000e0000000, 0x0000000100000000)
  region size 1024K, 1 young (1024K), 1 survivors (1024K)
 Metaspace       used 35991K, committed 36288K, reserved 245760K
  class space    used 4977K, committed 5120K, reserved 212992K
}
Event: 6.139 GC heap before
{Heap before GC invocations=8 (full 0):
 garbage-first heap   total 262144K, used 184184K [0x00000000e0000000, 0x0000000100000000)
  region size 1024K, 153 young (156672K), 1 survivors (1024K)
 Metaspace       used 54108K, committed 54528K, reserved 262144K
  class space    used 7659K, committed 7872K, reserved 212992K
}
Event: 6.159 GC heap after
{Heap after GC invocations=9 (full 0):
 garbage-first heap   total 262144K, used 46767K [0x00000000e0000000, 0x0000000100000000)
  region size 1024K, 19 young (19456K), 19 survivors (19456K)
 Metaspace       used 54108K, committed 54528K, reserved 262144K
  class space    used 7659K, committed 7872K, reserved 212992K
}
Event: 6.176 GC heap before
{Heap before GC invocations=9 (full 0):
 garbage-first heap   total 262144K, used 47791K [0x00000000e0000000, 0x0000000100000000)
  region size 1024K, 20 young (20480K), 19 survivors (19456K)
 Metaspace       used 54222K, committed 54720K, reserved 262144K
  class space    used 7670K, committed 7872K, reserved 212992K
}
Event: 6.190 GC heap after
{Heap after GC invocations=10 (full 0):
 garbage-first heap   total 262144K, used 48637K [0x00000000e0000000, 0x0000000100000000)
  region size 1024K, 2 young (2048K), 2 survivors (2048K)
 Metaspace       used 54222K, committed 54720K, reserved 262144K
  class space    used 7670K, committed 7872K, reserved 212992K
}
Event: 157.459 GC heap before
{Heap before GC invocations=10 (full 0):
 garbage-first heap   total 262144K, used 188925K [0x00000000e0000000, 0x0000000100000000)
  region size 1024K, 140 young (143360K), 2 survivors (2048K)
 Metaspace       used 58250K, committed 58880K, reserved 270336K
  class space    used 8062K, committed 8384K, reserved 212992K
}
Event: 157.469 GC heap after
{Heap after GC invocations=11 (full 0):
 garbage-first heap   total 262144K, used 58279K [0x00000000e0000000, 0x0000000100000000)
  region size 1024K, 12 young (12288K), 12 survivors (12288K)
 Metaspace       used 58250K, committed 58880K, reserved 270336K
  class space    used 8062K, committed 8384K, reserved 212992K
}

Deoptimization events (20 events):
Event: 157.483 Thread 0x000001554ed668b0 DEOPT UNPACKING pc=0x00000155364a2b43 sp=0x0000003dce4f89a8 mode 0
Event: 157.727 Thread 0x000001554ed668b0 Uncommon trap: trap_request=0xffffff45 fr.pc=0x000001553e2c53f4 relative=0x00000000000008d4
Event: 157.727 Thread 0x000001554ed668b0 Uncommon trap: reason=unstable_if action=reinterpret pc=0x000001553e2c53f4 method=org.apache.commons.io.FilenameUtils.doNormalize(Ljava/lang/String;CZ)Ljava/lang/String; @ 219 c2
Event: 157.727 Thread 0x000001554ed668b0 DEOPT PACKING pc=0x000001553e2c53f4 sp=0x0000003dce4fae90
Event: 157.727 Thread 0x000001554ed668b0 DEOPT UNPACKING pc=0x00000155364a23a3 sp=0x0000003dce4fae28 mode 2
Event: 157.741 Thread 0x000001554c3c8960 Uncommon trap: trap_request=0xffffff45 fr.pc=0x000001553e231b2c relative=0x00000000000003cc
Event: 157.741 Thread 0x000001554c3c8960 Uncommon trap: reason=unstable_if action=reinterpret pc=0x000001553e231b2c method=jdk.internal.org.objectweb.asm.MethodWriter.visitFieldInsn(ILjava/lang/String;Ljava/lang/String;Ljava/lang/String;)V @ 223 c2
Event: 157.741 Thread 0x000001554c3c8960 DEOPT PACKING pc=0x000001553e231b2c sp=0x0000003dcfcfd670
Event: 157.741 Thread 0x000001554c3c8960 DEOPT UNPACKING pc=0x00000155364a23a3 sp=0x0000003dcfcfd5f0 mode 2
Event: 157.782 Thread 0x000001554c3c9ca0 Uncommon trap: trap_request=0xffffffde fr.pc=0x000001553e08850c relative=0x0000000000000a0c
Event: 157.782 Thread 0x000001554c3c9ca0 Uncommon trap: reason=class_check action=maybe_recompile pc=0x000001553e08850c method=java.io.BufferedInputStream.read1([BII)I @ 39 c2
Event: 157.782 Thread 0x000001554c3c9ca0 DEOPT PACKING pc=0x000001553e08850c sp=0x0000003dcfeff0a0
Event: 157.782 Thread 0x000001554c3c9ca0 DEOPT UNPACKING pc=0x00000155364a23a3 sp=0x0000003dcfefefb8 mode 2
Event: 158.489 Thread 0x000001554ed61210 Uncommon trap: trap_request=0xffffff45 fr.pc=0x000001553df37e88 relative=0x0000000000000168
Event: 158.489 Thread 0x000001554ed61210 Uncommon trap: reason=unstable_if action=reinterpret pc=0x000001553df37e88 method=java.lang.ThreadLocal$ThreadLocalMap.getEntryAfterMiss(Ljava/lang/ThreadLocal;ILjava/lang/ThreadLocal$ThreadLocalMap$Entry;)Ljava/lang/ThreadLocal$ThreadLocalMap$Entry; @ 30
Event: 158.489 Thread 0x000001554ed61210 DEOPT PACKING pc=0x000001553df37e88 sp=0x0000003dcdfff0e0
Event: 158.489 Thread 0x000001554ed61210 DEOPT UNPACKING pc=0x00000155364a23a3 sp=0x0000003dcdffeff8 mode 2
Event: 164.454 Thread 0x000001554c3c9ca0 Uncommon trap: trap_request=0xffffff45 fr.pc=0x000001553e2539bc relative=0x000000000000175c
Event: 164.454 Thread 0x000001554c3c9ca0 Uncommon trap: reason=unstable_if action=reinterpret pc=0x000001553e2539bc method=org.gradle.internal.logging.text.AbstractLineChoppingStyledTextOutput$2.execute(Lorg/gradle/internal/logging/text/AbstractLineChoppingStyledTextOutput$StateContext;)V @ 34 c
Event: 164.454 Thread 0x000001554c3c9ca0 DEOPT PACKING pc=0x000001553e2539bc sp=0x0000003dcfefe220

Classes unloaded (0 events):
No events

Classes redefined (0 events):
No events

Internal exceptions (20 events):
Event: 157.538 Thread 0x000001554ed668b0 Exception <a 'sun/nio/fs/WindowsException'{0x00000000efa69008}> (0x00000000efa69008) 
thrown [c:\wsjdk\corretto17src\installers\windows\zip\corretto-build\buildroot\src\hotspot\share\prims\jni.cpp, line 516]
Event: 157.538 Thread 0x000001554ed668b0 Exception <a 'sun/nio/fs/WindowsException'{0x00000000efa6a1f0}> (0x00000000efa6a1f0) 
thrown [c:\wsjdk\corretto17src\installers\windows\zip\corretto-build\buildroot\src\hotspot\share\prims\jni.cpp, line 516]
Event: 157.542 Thread 0x000001554ed668b0 Exception <a 'sun/nio/fs/WindowsException'{0x00000000efa719d8}> (0x00000000efa719d8) 
thrown [c:\wsjdk\corretto17src\installers\windows\zip\corretto-build\buildroot\src\hotspot\share\prims\jni.cpp, line 516]
Event: 157.545 Thread 0x000001554ed668b0 Exception <a 'sun/nio/fs/WindowsException'{0x00000000efa81280}> (0x00000000efa81280) 
thrown [c:\wsjdk\corretto17src\installers\windows\zip\corretto-build\buildroot\src\hotspot\share\prims\jni.cpp, line 516]
Event: 157.548 Thread 0x000001554ed668b0 Exception <a 'sun/nio/fs/WindowsException'{0x00000000efa86d40}> (0x00000000efa86d40) 
thrown [c:\wsjdk\corretto17src\installers\windows\zip\corretto-build\buildroot\src\hotspot\share\prims\jni.cpp, line 516]
Event: 157.553 Thread 0x000001554ed668b0 Exception <a 'sun/nio/fs/WindowsException'{0x00000000efa952d0}> (0x00000000efa952d0) 
thrown [c:\wsjdk\corretto17src\installers\windows\zip\corretto-build\buildroot\src\hotspot\share\prims\jni.cpp, line 516]
Event: 157.567 Thread 0x000001554ed668b0 Exception <a 'sun/nio/fs/WindowsException'{0x00000000ef95c580}> (0x00000000ef95c580) 
thrown [c:\wsjdk\corretto17src\installers\windows\zip\corretto-build\buildroot\src\hotspot\share\prims\jni.cpp, line 516]
Event: 157.581 Thread 0x000001554ed668b0 Exception <a 'sun/nio/fs/WindowsException'{0x00000000ef810788}> (0x00000000ef810788) 
thrown [c:\wsjdk\corretto17src\installers\windows\zip\corretto-build\buildroot\src\hotspot\share\prims\jni.cpp, line 516]
Event: 157.582 Thread 0x000001554ed668b0 Exception <a 'sun/nio/fs/WindowsException'{0x00000000ef811970}> (0x00000000ef811970) 
thrown [c:\wsjdk\corretto17src\installers\windows\zip\corretto-build\buildroot\src\hotspot\share\prims\jni.cpp, line 516]
Event: 157.586 Thread 0x000001554ed668b0 Exception <a 'sun/nio/fs/WindowsException'{0x00000000ef8185c8}> (0x00000000ef8185c8) 
thrown [c:\wsjdk\corretto17src\installers\windows\zip\corretto-build\buildroot\src\hotspot\share\prims\jni.cpp, line 516]
Event: 157.591 Thread 0x000001554ed668b0 Exception <a 'sun/nio/fs/WindowsException'{0x00000000ef82db28}> (0x00000000ef82db28) 
thrown [c:\wsjdk\corretto17src\installers\windows\zip\corretto-build\buildroot\src\hotspot\share\prims\jni.cpp, line 516]
Event: 157.684 Thread 0x000001554d01c110 Exception <a 'java/lang/NoSuchMethodError'{0x00000000eff0fb38}: static Lorg/gradle/internal/build/event/types/DefaultJavaCompileTaskSuccessResult;.<clinit>()V> (0x00000000eff0fb38) 
thrown [c:\wsjdk\corretto17src\installers\windows\zip\corretto-build\buildroot\src\hotspot\share\prims\jni.cpp, line 1107]
Event: 157.684 Thread 0x000001554d01c110 Exception <a 'java/lang/NoSuchMethodError'{0x00000000eff112c0}: static Lorg/gradle/internal/build/event/types/DefaultTaskSuccessResult;.<clinit>()V> (0x00000000eff112c0) 
thrown [c:\wsjdk\corretto17src\installers\windows\zip\corretto-build\buildroot\src\hotspot\share\prims\jni.cpp, line 1107]
Event: 157.720 Thread 0x000001554ed668b0 Exception <a 'java/lang/NoSuchMethodError'{0x00000000ef3fb968}: 'void java.lang.invoke.DirectMethodHandle$Holder.invokeInterface(java.lang.Object, java.lang.Object, java.lang.Object, java.lang.Object)'> (0x00000000ef3fb968) 
thrown [c:\wsjdk\corretto17src\installers\windows\zip\corretto-build\buildroot\src\hotspot\share\interpreter\linkResolver.cpp, line 766]
Event: 157.741 Thread 0x000001554c3c8960 Exception <a 'java/lang/NoSuchMethodError'{0x00000000ef2e5f48}: 'void java.lang.invoke.DirectMethodHandle$Holder.invokeStatic(java.lang.Object, long)'> (0x00000000ef2e5f48) 
thrown [c:\wsjdk\corretto17src\installers\windows\zip\corretto-build\buildroot\src\hotspot\share\interpreter\linkResolver.cpp, line 766]
Event: 157.741 Thread 0x000001554c3c8960 Exception <a 'java/lang/NoSuchMethodError'{0x00000000ef2eb2b0}: 'java.lang.Object java.lang.invoke.DirectMethodHandle$Holder.newInvokeSpecial(java.lang.Object, long)'> (0x00000000ef2eb2b0) 
thrown [c:\wsjdk\corretto17src\installers\windows\zip\corretto-build\buildroot\src\hotspot\share\interpreter\linkResolver.cpp, line 766]
Event: 157.745 Thread 0x000001554c3c8960 Exception <a 'java/lang/NoSuchMethodError'{0x00000000ef2f1d98}: 'java.lang.Object java.lang.invoke.DirectMethodHandle$Holder.invokeStatic(java.lang.Object, java.lang.Object, long, java.lang.Object)'> (0x00000000ef2f1d98) 
thrown [c:\wsjdk\corretto17src\installers\windows\zip\corretto-build\buildroot\src\hotspot\share\interpreter\linkResolver.cpp, line 766]
Event: 157.745 Thread 0x000001554c3c8960 Exception <a 'java/lang/NoSuchMethodError'{0x00000000ef2f5a38}: 'java.lang.Object java.lang.invoke.DirectMethodHandle$Holder.invokeStaticInit(java.lang.Object, java.lang.Object, long, java.lang.Object)'> (0x00000000ef2f5a38) 
thrown [c:\wsjdk\corretto17src\installers\windows\zip\corretto-build\buildroot\src\hotspot\share\interpreter\linkResolver.cpp, line 766]
Event: 157.745 Thread 0x000001554c3c8960 Exception <a 'java/lang/NoSuchMethodError'{0x00000000ef2fbe90}: 'java.lang.Object java.lang.invoke.DirectMethodHandle$Holder.newInvokeSpecial(java.lang.Object, java.lang.Object, long)'> (0x00000000ef2fbe90) 
thrown [c:\wsjdk\corretto17src\installers\windows\zip\corretto-build\buildroot\src\hotspot\share\interpreter\linkResolver.cpp, line 766]
Event: 157.746 Thread 0x000001554c3c8960 Exception <a 'java/lang/NoSuchMethodError'{0x00000000ef2ff9b8}: 'java.lang.Object java.lang.invoke.Invokers$Holder.linkToTargetMethod(java.lang.Object, long, java.lang.Object)'> (0x00000000ef2ff9b8) 
thrown [c:\wsjdk\corretto17src\installers\windows\zip\corretto-build\buildroot\src\hotspot\share\interpreter\linkResolver.cpp, line 766]

VM Operations (20 events):
Event: 111.530 Executing VM operation: Cleanup
Event: 111.530 Executing VM operation: Cleanup done
Event: 122.637 Executing VM operation: Cleanup
Event: 122.637 Executing VM operation: Cleanup done
Event: 124.665 Executing VM operation: Cleanup
Event: 124.665 Executing VM operation: Cleanup done
Event: 157.307 Executing VM operation: ICBufferFull
Event: 157.307 Executing VM operation: ICBufferFull done
Event: 157.459 Executing VM operation: G1CollectForAllocation
Event: 157.469 Executing VM operation: G1CollectForAllocation done
Event: 157.570 Executing VM operation: ICBufferFull
Event: 157.571 Executing VM operation: ICBufferFull done
Event: 157.695 Executing VM operation: ICBufferFull
Event: 157.695 Executing VM operation: ICBufferFull done
Event: 157.751 Executing VM operation: HandshakeAllThreads
Event: 157.751 Executing VM operation: HandshakeAllThreads done
Event: 158.754 Executing VM operation: Cleanup
Event: 158.754 Executing VM operation: Cleanup done
Event: 161.772 Executing VM operation: Cleanup
Event: 161.772 Executing VM operation: Cleanup done

Events (20 events):
Event: 157.730 loading class java/util/stream/ReduceOps$2 done
Event: 157.730 loading class java/util/stream/ReduceOps$2ReducingSink
Event: 157.730 loading class java/util/stream/ReduceOps$2ReducingSink done
Event: 157.733 Thread 0x000001554c3c8960 Thread added: 0x000001554c3c8960
Event: 157.733 loading class java/lang/ProcessBuilder
Event: 157.734 loading class java/lang/ProcessBuilder done
Event: 157.734 loading class java/lang/ProcessImpl
Event: 157.735 loading class java/lang/ProcessImpl done
Event: 157.742 loading class java/lang/ProcessHandleImpl
Event: 157.742 loading class java/lang/ProcessHandleImpl done
Event: 157.746 loading class java/lang/ProcessImpl$2
Event: 157.746 loading class java/lang/ProcessImpl$2 done
Event: 157.746 loading class java/lang/Process$PipeInputStream
Event: 157.751 loading class java/lang/Process$PipeInputStream done
Event: 157.751 loading class jdk/internal/event/ProcessStartEvent
Event: 157.780 loading class jdk/internal/event/ProcessStartEvent done
Event: 157.782 Thread 0x000001554c3c8e30 Thread added: 0x000001554c3c8e30
Event: 157.782 Thread 0x000001554c3c9ca0 Thread added: 0x000001554c3c9ca0
Event: 158.489 Thread 0x000001554ed61210 Thread exited: 0x000001554ed61210
Event: 158.661 Thread 0x000001554add9170 Thread exited: 0x000001554add9170


Dynamic libraries:
0x00007ff7a4290000 - 0x00007ff7a429d000 	C:\Users\bazyl\.jdks\corretto-17.0.3\bin\java.exe
0x00007fff4e390000 - 0x00007fff4e585000 	C:\WINDOWS\SYSTEM32\ntdll.dll
0x00007fff4ccf0000 - 0x00007fff4cdad000 	C:\WINDOWS\System32\KERNEL32.DLL
0x00007fff4bf50000 - 0x00007fff4c21d000 	C:\WINDOWS\System32\KERNELBASE.dll
0x00007fff4c2e0000 - 0x00007fff4c3e0000 	C:\WINDOWS\System32\ucrtbase.dll
0x00007fff444d0000 - 0x00007fff444e5000 	C:\Users\bazyl\.jdks\corretto-17.0.3\bin\VCRUNTIME140.dll
0x00007fff46270000 - 0x00007fff46288000 	C:\Users\bazyl\.jdks\corretto-17.0.3\bin\jli.dll
0x00007fff4d390000 - 0x00007fff4d530000 	C:\WINDOWS\System32\USER32.dll
0x00007fff4bd60000 - 0x00007fff4bd82000 	C:\WINDOWS\System32\win32u.dll
0x00007fff3b330000 - 0x00007fff3b5ca000 	C:\WINDOWS\WinSxS\amd64_microsoft.windows.common-controls_6595b64144ccf1df_6.0.19041.1110_none_60b5254171f9507e\COMCTL32.dll
0x00007fff4cdb0000 - 0x00007fff4cdda000 	C:\WINDOWS\System32\GDI32.dll
0x00007fff4d250000 - 0x00007fff4d2ee000 	C:\WINDOWS\System32\msvcrt.dll
0x00007fff4bd90000 - 0x00007fff4be9b000 	C:\WINDOWS\System32\gdi32full.dll
0x00007fff4bb60000 - 0x00007fff4bbfd000 	C:\WINDOWS\System32\msvcp_win.dll
0x00007fff4d1a0000 - 0x00007fff4d1d0000 	C:\WINDOWS\System32\IMM32.DLL
0x00007fff135f0000 - 0x00007fff1368b000 	C:\Users\bazyl\.jdks\corretto-17.0.3\bin\msvcp140.dll
0x00007fff0c2c0000 - 0x00007fff0cedb000 	C:\Users\bazyl\.jdks\corretto-17.0.3\bin\server\jvm.dll
0x00007fff4df10000 - 0x00007fff4dfbe000 	C:\WINDOWS\System32\ADVAPI32.dll
0x00007fff4d2f0000 - 0x00007fff4d38c000 	C:\WINDOWS\System32\sechost.dll
0x00007fff4e170000 - 0x00007fff4e295000 	C:\WINDOWS\System32\RPCRT4.dll
0x00007fff4c3e0000 - 0x00007fff4c3e8000 	C:\WINDOWS\System32\PSAPI.DLL
0x00007fff45320000 - 0x00007fff4532a000 	C:\WINDOWS\SYSTEM32\VERSION.dll
0x00007fff3cb90000 - 0x00007fff3cbb7000 	C:\WINDOWS\SYSTEM32\WINMM.dll
0x00007fff2e860000 - 0x00007fff2e869000 	C:\WINDOWS\SYSTEM32\WSOCK32.dll
0x00007fff4d0a0000 - 0x00007fff4d10b000 	C:\WINDOWS\System32\ws2_32.DLL
0x00007fff4a380000 - 0x00007fff4a392000 	C:\WINDOWS\SYSTEM32\kernel.appcore.dll
0x00007fff47800000 - 0x00007fff4780a000 	C:\Users\bazyl\.jdks\corretto-17.0.3\bin\jimage.dll
0x00007fff39540000 - 0x00007fff39724000 	C:\WINDOWS\SYSTEM32\DBGHELP.DLL
0x00007fff394c0000 - 0x00007fff394ec000 	C:\WINDOWS\SYSTEM32\dbgcore.DLL
0x00007fff4baa0000 - 0x00007fff4bb22000 	C:\WINDOWS\System32\bcryptPrimitives.dll
0x00007fff26460000 - 0x00007fff26485000 	C:\Users\bazyl\.jdks\corretto-17.0.3\bin\java.dll
0x00007fff0c1e0000 - 0x00007fff0c2b6000 	C:\Users\bazyl\.jdks\corretto-17.0.3\bin\jsvml.dll
0x00007fff4c5a0000 - 0x00007fff4cce4000 	C:\WINDOWS\System32\SHELL32.dll
0x00007fff49b60000 - 0x00007fff4a2f4000 	C:\WINDOWS\SYSTEM32\windows.storage.dll
0x00007fff4dbb0000 - 0x00007fff4df04000 	C:\WINDOWS\System32\combase.dll
0x00007fff4b500000 - 0x00007fff4b52c000 	C:\WINDOWS\SYSTEM32\Wldp.dll
0x00007fff4e2a0000 - 0x00007fff4e34d000 	C:\WINDOWS\System32\SHCORE.dll
0x00007fff4c3f0000 - 0x00007fff4c445000 	C:\WINDOWS\System32\shlwapi.dll
0x00007fff4b9e0000 - 0x00007fff4b9ff000 	C:\WINDOWS\SYSTEM32\profapi.dll
0x00007fff287c0000 - 0x00007fff287d9000 	C:\Users\bazyl\.jdks\corretto-17.0.3\bin\net.dll
0x00007fff3c480000 - 0x00007fff3c58a000 	C:\WINDOWS\SYSTEM32\WINHTTP.dll
0x00007fff4b260000 - 0x00007fff4b2ca000 	C:\WINDOWS\system32\mswsock.dll
0x00007fff257b0000 - 0x00007fff257c5000 	C:\Users\bazyl\.jdks\corretto-17.0.3\bin\nio.dll
0x00007fff25790000 - 0x00007fff257a8000 	C:\Users\bazyl\.jdks\corretto-17.0.3\bin\zip.dll
0x00007fff3b650000 - 0x00007fff3b660000 	C:\Users\bazyl\.jdks\corretto-17.0.3\bin\verify.dll
0x00007fff22cb0000 - 0x00007fff22cd7000 	C:\Users\bazyl\.gradle\native\e1d6ef7f7dcc3fd88c89a11ec53ec762bb8ba0a96d01ffa2cd45eb1d1d8dd5c5\windows-amd64\native-platform.dll
0x00007fff0bcb0000 - 0x00007fff0bdf4000 	C:\Users\bazyl\.gradle\native\0d407fdbe67a94daf76414ababcb853783967236a71b16ec16e742cd7a986fd3\windows-amd64\native-platform-file-events.dll
0x00007fff31c60000 - 0x00007fff31c69000 	C:\Users\bazyl\.jdks\corretto-17.0.3\bin\management.dll
0x00007fff30f10000 - 0x00007fff30f1b000 	C:\Users\bazyl\.jdks\corretto-17.0.3\bin\management_ext.dll
0x00007fff4b460000 - 0x00007fff4b478000 	C:\WINDOWS\SYSTEM32\CRYPTSP.dll
0x00007fff4ab70000 - 0x00007fff4aba4000 	C:\WINDOWS\system32\rsaenh.dll
0x00007fff4bb30000 - 0x00007fff4bb57000 	C:\WINDOWS\System32\bcrypt.dll
0x00007fff4b9a0000 - 0x00007fff4b9ce000 	C:\WINDOWS\SYSTEM32\USERENV.dll
0x00007fff4b450000 - 0x00007fff4b45c000 	C:\WINDOWS\SYSTEM32\CRYPTBASE.dll
0x00007fff4af00000 - 0x00007fff4af3b000 	C:\WINDOWS\SYSTEM32\IPHLPAPI.DLL
0x00007fff4d530000 - 0x00007fff4d538000 	C:\WINDOWS\System32\NSI.dll
0x00007fff42f40000 - 0x00007fff42f57000 	C:\WINDOWS\SYSTEM32\dhcpcsvc6.DLL
0x00007fff43690000 - 0x00007fff436ad000 	C:\WINDOWS\SYSTEM32\dhcpcsvc.DLL
0x00007fff4af40000 - 0x00007fff4b00b000 	C:\WINDOWS\SYSTEM32\DNSAPI.dll
0x00007fff30e10000 - 0x00007fff30e1e000 	C:\Users\bazyl\.jdks\corretto-17.0.3\bin\sunmscapi.dll
0x00007fff4bc00000 - 0x00007fff4bd56000 	C:\WINDOWS\System32\CRYPT32.dll
0x00007fff4b570000 - 0x00007fff4b597000 	C:\WINDOWS\SYSTEM32\ncrypt.dll
0x00007fff4b530000 - 0x00007fff4b56b000 	C:\WINDOWS\SYSTEM32\NTASN1.dll
0x00007fff30750000 - 0x00007fff30757000 	C:\WINDOWS\system32\wshunix.dll

dbghelp: loaded successfully - version: 4.0.5 - missing functions: none
symbol engine: initialized successfully - sym options: 0x614 - pdb path: .;C:\Users\bazyl\.jdks\corretto-17.0.3\bin;C:\WINDOWS\SYSTEM32;C:\WINDOWS\WinSxS\amd64_microsoft.windows.common-controls_6595b64144ccf1df_6.0.19041.1110_none_60b5254171f9507e;C:\Users\bazyl\.jdks\corretto-17.0.3\bin\server;C:\Users\bazyl\.gradle\native\e1d6ef7f7dcc3fd88c89a11ec53ec762bb8ba0a96d01ffa2cd45eb1d1d8dd5c5\windows-amd64;C:\Users\bazyl\.gradle\native\0d407fdbe67a94daf76414ababcb853783967236a71b16ec16e742cd7a986fd3\windows-amd64

VM Arguments:
jvm_args: --add-opens=java.base/java.util=ALL-UNNAMED --add-opens=java.base/java.lang=ALL-UNNAMED --add-opens=java.base/java.lang.invoke=ALL-UNNAMED --add-opens=java.base/java.util=ALL-UNNAMED --add-opens=java.prefs/java.util.prefs=ALL-UNNAMED --add-opens=java.prefs/java.util.prefs=ALL-UNNAMED --add-opens=java.base/java.nio.charset=ALL-UNNAMED --add-opens=java.base/java.net=ALL-UNNAMED --add-opens=java.base/java.util.concurrent.atomic=ALL-UNNAMED -XX:MaxMetaspaceSize=256m -XX:+HeapDumpOnOutOfMemoryError -Xms256m -Xmx512m -Dfile.encoding=windows-1250 -Duser.country=PL -Duser.language=pl -Duser.variant 
java_command: org.gradle.launcher.daemon.bootstrap.GradleDaemon 7.4
java_class_path (initial): C:\Users\bazyl\.gradle\wrapper\dists\gradle-7.4-bin\c0gwcg53nkjbqw7r0h0umtfvt\gradle-7.4\lib\gradle-launcher-7.4.jar
Launcher Type: SUN_STANDARD

[Global flags]
     intx CICompilerCount                          = 4                                         {product} {ergonomic}
   size_t CompressedClassSpaceSize                 = 218103808                                 {product} {ergonomic}
     uint ConcGCThreads                            = 2                                         {product} {ergonomic}
     uint G1ConcRefinementThreads                  = 8                                         {product} {ergonomic}
   size_t G1HeapRegionSize                         = 1048576                                   {product} {ergonomic}
    uintx GCDrainStackTargetSize                   = 64                                        {product} {ergonomic}
     bool HeapDumpOnOutOfMemoryError               = true                                   {manageable} {command line}
   size_t InitialHeapSize                          = 268435456                                 {product} {command line}
   size_t MarkStackSize                            = 4194304                                   {product} {ergonomic}
   size_t MaxHeapSize                              = 536870912                                 {product} {command line}
   size_t MaxMetaspaceSize                         = 268435456                                 {product} {command line}
   size_t MaxNewSize                               = 321912832                                 {product} {ergonomic}
   size_t MinHeapDeltaBytes                        = 1048576                                   {product} {ergonomic}
   size_t MinHeapSize                              = 268435456                                 {product} {command line}
    uintx NonNMethodCodeHeapSize                   = 5839372                                {pd product} {ergonomic}
    uintx NonProfiledCodeHeapSize                  = 122909434                              {pd product} {ergonomic}
    uintx ProfiledCodeHeapSize                     = 122909434                              {pd product} {ergonomic}
    uintx ReservedCodeCacheSize                    = 251658240                              {pd product} {ergonomic}
     bool SegmentedCodeCache                       = true                                      {product} {ergonomic}
   size_t SoftMaxHeapSize                          = 536870912                              {manageable} {ergonomic}
     bool UseCompressedClassPointers               = true                           {product lp64_product} {ergonomic}
     bool UseCompressedOops                        = true                           {product lp64_product} {ergonomic}
     bool UseG1GC                                  = true                                      {product} {ergonomic}
     bool UseLargePagesIndividualAllocation        = false                                  {pd product} {ergonomic}

Logging:
Log output configuration:
 #0: stdout all=warning uptime,level,tags
 #1: stderr all=off uptime,level,tags

Environment Variables:
PATH=C:\Program Files (x86)\Razer\ChromaBroadcast\bin;C:\Program Files\Razer\ChromaBroadcast\bin;C:\Program Files\Common Files\Oracle\Java\javapath;C:\Program Files (x86)\Intel\Intel(R) Management Engine Components\iCLS\;C:\Program Files\Intel\Intel(R) Management Engine Components\iCLS\;C:\Windows\system32;C:\Windows;C:\Windows\System32\Wbem;C:\Windows\System32\WindowsPowerShell\v1.0\;C:\Program Files (x86)\NVIDIA Corporation\PhysX\Common;C:\Program Files\Intel\WiFi\bin\;C:\Program Files\Common Files\Intel\WirelessCommon\;C:\Program Files (x86)\Intel\Intel(R) Management Engine Components\DAL;C:\Program Files\Intel\Intel(R) Management Engine Components\DAL;C:\Program Files (x86)\Intel\Intel(R) Management Engine Components\IPT;C:\Program Files\Intel\Intel(R) Management Engine Components\IPT;C:\WINDOWS\system32;C:\WINDOWS;C:\WINDOWS\System32\Wbem;C:\WINDOWS\System32\WindowsPowerShell\v1.0\;C:\WINDOWS\System32\OpenSSH\;C:\Program Files\Git\cmd;C:\Users\bazyl\AppData\Local\Microsoft\WindowsApps;C:\Users\bazyl\AppData\Local\Microsoft\WindowsApps;
USERNAME=bazyl
OS=Windows_NT
PROCESSOR_IDENTIFIER=Intel64 Family 6 Model 158 Stepping 10, GenuineIntel



---------------  S Y S T E M  ---------------

OS:
 Windows 10 , 64 bit Build 19041 (10.0.19041.1706)
OS uptime: 0 days 20:14 hours

CPU: total 8 (initial active 8) (4 cores per cpu, 2 threads per core) family 6 model 158 stepping 10 microcode 0xb4, cx8, cmov, fxsr, ht, mmx, 3dnowpref, sse, sse2, sse3, ssse3, sse4.1, sse4.2, popcnt, lzcnt, tsc, tscinvbit, avx, avx2, aes, erms, clmul, bmi1, bmi2, adx, fma, vzeroupper, clflush, clflushopt

Memory: 4k page, system-wide physical 8039M (318M free)
TotalPageFile size 23136M (AvailPageFile size 0M)
current process WorkingSet (physical memory assigned to process): 378M, peak: 408M
current process commit charge ("private bytes"): 474M, peak: 500M

vm_info: OpenJDK 64-Bit Server VM (17.0.3+6-LTS) for windows-amd64 JRE (17.0.3+6-LTS), built on Apr 15 2022 22:16:02 by "Administrator" with MS VC++ 15.9 (VS2017)

END.
